<!DOCTYPE html PUBLIC "-//W3C//DTD XHTML 1.1//EN" "https://www.w3.org/TR/xhtml11/DTD/xhtml11.dtd">
<html xmlns="https://www.w3.org/1999/xhtml">
<head>
<meta http-equiv="content-type" content="text/html; charset=UTF-8"/>
<title>TestNG Report</title>
<style type="text/css">table {margin-bottom:10px;border-collapse:collapse;empty-cells:show}th,td {border:1px solid #009;padding:.25em .5em}th {vertical-align:bottom}td {vertical-align:top}table a {font-weight:bold}.stripe td {background-color: #E6EBF9}.num {text-align:right}.passedodd td {background-color: #3F3}.passedeven td {background-color: #0A0}.skippedodd td {background-color: #DDD}.skippedeven td {background-color: #CCC}.failedodd td,.attn {background-color: #F33}.failedeven td,.stripe .attn {background-color: #D00}.stacktrace {white-space:pre;font-family:monospace}.totop {font-size:85%;text-align:center;border-bottom:2px solid #000}.invisible {display:none}</style>
</head>
<body>
<table>
<tr><th>Test</th><th># Passed</th><th># Skipped</th><th># Retried</th><th># Failed</th><th>Time (ms)</th><th>Included Groups</th><th>Excluded Groups</th></tr>
<tr><th colspan="8">Suite</th></tr>
<tr><td><a href="#t0">AutomationExercise</a></td><td class="num">15</td><td class="num">0</td><td class="num">0</td><td class="num attn">11</td><td class="num">485,349</td><td></td><td></td></tr>
</table>
<table id='summary'><thead><tr><th>Class</th><th>Method</th><th>Start</th><th>Time (ms)</th></tr></thead><tbody><tr><th colspan="4">Suite</th></tr></tbody><tbody id="t0"><tr><th colspan="4">AutomationExercise &#8212; failed</th></tr><tr class="failedeven"><td rowspan="1">com.automationexerciseTestCases.TC_02_RegisterUser</td><td><a href="#m0">registertest</a></td><td rowspan="1">1709291817123</td><td rowspan="1">20852</td></tr><tr class="failedodd"><td rowspan="1">com.automationexerciseTestCases.TC_04_LogoutUser</td><td><a href="#m1">logoutuser</a></td><td rowspan="1">1709291850185</td><td rowspan="1">6396</td></tr><tr class="failedeven"><td rowspan="1">com.automationexerciseTestCases.TC_06_ContactUsForm</td><td><a href="#m2">contactus</a></td><td rowspan="1">1709291870508</td><td rowspan="1">11661</td></tr><tr class="failedodd"><td rowspan="1">com.automationexerciseTestCases.TC_07_VerifyTestcasePage</td><td><a href="#m3">testcasepage</a></td><td rowspan="1">1709291884845</td><td rowspan="1">4026</td></tr><tr class="failedeven"><td rowspan="1">com.automationexerciseTestCases.TC_08_VerifyProductDetailPage</td><td><a href="#m4">productdetailpage</a></td><td rowspan="1">1709291891454</td><td rowspan="1">4142</td></tr><tr class="failedodd"><td rowspan="1">com.automationexerciseTestCases.TC_09_SearchProduct</td><td><a href="#m5">searchproduct</a></td><td rowspan="1">1709291898105</td><td rowspan="1">7584</td></tr><tr class="failedeven"><td rowspan="1">com.automationexerciseTestCases.TC_13_VerifyProductQuantityInCart</td><td><a href="#m6">productquantityincart</a></td><td rowspan="1">1709291952666</td><td rowspan="1">9004</td></tr><tr class="failedodd"><td rowspan="1">com.automationexerciseTestCases.TC_16_PlaceOrderLoginBeforeCheckOut</td><td><a href="#m7">loginbeforecheckout</a></td><td rowspan="1">1709292056922</td><td rowspan="1">12635</td></tr><tr class="failedeven"><td rowspan="1">com.automationexerciseTestCases.TC_20_SearchProductAndVerifyCartAfterLogin</td><td><a href="#m8">searchproductandverifycart</a></td><td rowspan="1">1709292118975</td><td rowspan="1">9155</td></tr><tr class="failedodd"><td rowspan="1">com.automationexerciseTestCases.TC_21_AddReviewOnProduct</td><td><a href="#m9">addreviewonproduct</a></td><td rowspan="1">1709292130892</td><td rowspan="1">4597</td></tr><tr class="failedeven"><td rowspan="1">com.automationexerciseTestCases.TC_22_AddToCartFromRecommendedItems</td><td><a href="#m10">addtocartfromrecommendeditems</a></td><td rowspan="1">1709292138066</td><td rowspan="1">17873</td></tr><tr><th colspan="4">AutomationExercise &#8212; passed</th></tr><tr class="passedeven"><td rowspan="1">com.automationexerciseTestCases.TC_01_LoginTest</td><td><a href="#m11">logintest</a></td><td rowspan="1">1709291799392</td><td rowspan="1">14970</td></tr><tr class="passedodd"><td rowspan="1">com.automationexerciseTestCases.TC_03_IncorrectLogin</td><td><a href="#m12">loginwithincorrectdata</a></td><td rowspan="1">1709291840660</td><td rowspan="1">6916</td></tr><tr class="passedeven"><td rowspan="1">com.automationexerciseTestCases.TC_05_RegisterExistingUser</td><td><a href="#m13">registerexistinguser</a></td><td rowspan="1">1709291859177</td><td rowspan="1">8708</td></tr><tr class="passedodd"><td rowspan="1">com.automationexerciseTestCases.TC_10_Subscription</td><td><a href="#m14">subscription</a></td><td rowspan="1">1709291908265</td><td rowspan="1">11904</td></tr><tr class="passedeven"><td rowspan="1">com.automationexerciseTestCases.TC_11_VerifySubscriptionInCartPage</td><td><a href="#m15">subscriptionincartpage</a></td><td rowspan="1">1709291922888</td><td rowspan="1">14626</td></tr><tr class="passedodd"><td rowspan="1">com.automationexerciseTestCases.TC_12_AddProductInCart</td><td><a href="#m16">addproductincart</a></td><td rowspan="1">1709291940163</td><td rowspan="1">9955</td></tr><tr class="passedeven"><td rowspan="1">com.automationexerciseTestCases.TC_14_PlaceOrderCheckOutRegister</td><td><a href="#m17">placeorder</a></td><td rowspan="1">1709291964324</td><td rowspan="1">46418</td></tr><tr class="passedodd"><td rowspan="1">com.automationexerciseTestCases.TC_15_PlaceOrderRegisterBeforeCheckout</td><td><a href="#m18">registerbeforececkout</a></td><td rowspan="1">1709292013468</td><td rowspan="1">40661</td></tr><tr class="passedeven"><td rowspan="1">com.automationexerciseTestCases.TC_17_RemoveProductFromCart</td><td><a href="#m19">removeproducfromcart</a></td><td rowspan="1">1709292072174</td><td rowspan="1">10143</td></tr><tr class="passedodd"><td rowspan="1">com.automationexerciseTestCases.TC_18_ViewCategoryProduct</td><td><a href="#m20">categoryproduct</a></td><td rowspan="1">1709292084842</td><td rowspan="1">20684</td></tr><tr class="passedeven"><td rowspan="1">com.automationexerciseTestCases.TC_19_CartBrandProduct</td><td><a href="#m21">cartbrandproduct</a></td><td rowspan="1">1709292108226</td><td rowspan="1">8100</td></tr><tr class="passedodd"><td rowspan="1">com.automationexerciseTestCases.TC_23_VerifyAddressDetailsInCheckoutPage</td><td><a href="#m22">verifyaddressdetailsincheckoutpage</a></td><td rowspan="1">1709292158572</td><td rowspan="1">30632</td></tr><tr class="passedeven"><td rowspan="1">com.automationexerciseTestCases.TC_24_DownloadInvoiceAfterPurchaseOrder</td><td><a href="#m23">downloadinvoice</a></td><td rowspan="1">1709292191899</td><td rowspan="1">58585</td></tr><tr class="passedodd"><td rowspan="1">com.automationexerciseTestCases.TC_25_ScrollUpUsingArrowButton</td><td><a href="#m24">scrollupanddownfunctionality</a></td><td rowspan="1">1709292253101</td><td rowspan="1">12511</td></tr><tr class="passedeven"><td rowspan="1">com.automationexerciseTestCases.TC_26_ScrollUpWithoutArrowButton</td><td><a href="#m25">scrollupanddown</a></td><td rowspan="1">1709292268252</td><td rowspan="1">12747</td></tr></tbody>
</table>
<h2>AutomationExercise</h2><h3 id="m0">com.automationexerciseTestCases.TC_02_RegisterUser#registertest</h3><table class="result"><tr><th>Exception</th></tr><tr><td><div class="stacktrace">org.openqa.selenium.NoSuchElementException: no such element: Unable to locate element: {&quot;method&quot;:&quot;xpath&quot;,&quot;selector&quot;:&quot;//a[@data-qa=&apos;continue-button&apos;]&quot;}
  (Session info: MicrosoftEdge=122.0.2365.52)
For documentation on this error, please visit: https://www.selenium.dev/documentation/webdriver/troubleshooting/errors#no-such-element-exception
Build info: version: &apos;4.17.0&apos;, revision: &apos;e52b1be057*&apos;
System info: os.name: &apos;Windows 11&apos;, os.arch: &apos;amd64&apos;, os.version: &apos;10.0&apos;, java.version: &apos;17.0.7&apos;
Driver info: org.openqa.selenium.edge.EdgeDriver
Command: [d0dd0d6b70cb4824ca66065ebe2a805e, findElement {value=//a[@data-qa=&apos;continue-button&apos;], using=xpath}]
Capabilities {acceptInsecureCerts: false, browserName: MicrosoftEdge, browserVersion: 122.0.2365.52, fedcm:accounts: true, ms:edgeOptions: {debuggerAddress: localhost:49293}, msedge: {msedgedriverVersion: 122.0.2365.52 (dcf246d1e496..., userDataDir: C:\Users\Seema\AppData\Loca...}, networkConnectionEnabled: false, pageLoadStrategy: normal, platformName: windows, proxy: Proxy(), se:cdp: ws://localhost:49293/devtoo..., se:cdpVersion: 122.0.2365.52, setWindowRect: true, strictFileInteractability: false, timeouts: {implicit: 0, pageLoad: 300000, script: 30000}, unhandledPromptBehavior: dismiss and notify, webauthn:extension:credBlob: true, webauthn:extension:largeBlob: true, webauthn:extension:minPinLength: true, webauthn:extension:prf: true, webauthn:virtualAuthenticators: true}
Session ID: d0dd0d6b70cb4824ca66065ebe2a805e
	at org.openqa.selenium.remote.codec.w3c.W3CHttpResponseCodec.createException(W3CHttpResponseCodec.java:185)
	at org.openqa.selenium.remote.codec.w3c.W3CHttpResponseCodec.decode(W3CHttpResponseCodec.java:134)
	at org.openqa.selenium.remote.codec.w3c.W3CHttpResponseCodec.decode(W3CHttpResponseCodec.java:51)
	at org.openqa.selenium.remote.HttpCommandExecutor.execute(HttpCommandExecutor.java:190)
	at org.openqa.selenium.remote.service.DriverCommandExecutor.invokeExecute(DriverCommandExecutor.java:216)
	at org.openqa.selenium.remote.service.DriverCommandExecutor.execute(DriverCommandExecutor.java:174)
	at org.openqa.selenium.remote.RemoteWebDriver.execute(RemoteWebDriver.java:519)
	at org.openqa.selenium.remote.ElementLocation$ElementFinder$2.findElement(ElementLocation.java:165)
	at org.openqa.selenium.remote.ElementLocation.findElement(ElementLocation.java:59)
	at org.openqa.selenium.remote.RemoteWebDriver.findElement(RemoteWebDriver.java:356)
	at org.openqa.selenium.remote.RemoteWebDriver.findElement(RemoteWebDriver.java:350)
	at com.automationexerciseTestCases.TC_02_RegisterUser.registertest(TC_02_RegisterUser.java:206)
	at java.base/java.util.ArrayList.forEach(ArrayList.java:1511)
... Removed 32 stack frames</div></td></tr></table><p class="totop"><a href="#summary">back to summary</a></p>
<h3 id="m1">com.automationexerciseTestCases.TC_04_LogoutUser#logoutuser</h3><table class="result"><tr><th>Exception</th></tr><tr><td><div class="stacktrace">org.openqa.selenium.NoSuchElementException: no such element: Unable to locate element: {&quot;method&quot;:&quot;xpath&quot;,&quot;selector&quot;:&quot;//*[@id=&quot;header&quot;]/div/div/div/div[2]/div/ul/li[10]/a/b&quot;}
  (Session info: MicrosoftEdge=122.0.2365.52)
For documentation on this error, please visit: https://www.selenium.dev/documentation/webdriver/troubleshooting/errors#no-such-element-exception
Build info: version: &apos;4.17.0&apos;, revision: &apos;e52b1be057*&apos;
System info: os.name: &apos;Windows 11&apos;, os.arch: &apos;amd64&apos;, os.version: &apos;10.0&apos;, java.version: &apos;17.0.7&apos;
Driver info: org.openqa.selenium.edge.EdgeDriver
Command: [6e7331bb5ce2bc33247655181c1178fa, findElement {value=//*[@id=&quot;header&quot;]/div/div/div/div[2]/div/ul/li[10]/a/b, using=xpath}]
Capabilities {acceptInsecureCerts: false, browserName: MicrosoftEdge, browserVersion: 122.0.2365.52, fedcm:accounts: true, ms:edgeOptions: {debuggerAddress: localhost:49695}, msedge: {msedgedriverVersion: 122.0.2365.52 (dcf246d1e496..., userDataDir: C:\Users\Seema\AppData\Loca...}, networkConnectionEnabled: false, pageLoadStrategy: normal, platformName: windows, proxy: Proxy(), se:cdp: ws://localhost:49695/devtoo..., se:cdpVersion: 122.0.2365.52, setWindowRect: true, strictFileInteractability: false, timeouts: {implicit: 0, pageLoad: 300000, script: 30000}, unhandledPromptBehavior: dismiss and notify, webauthn:extension:credBlob: true, webauthn:extension:largeBlob: true, webauthn:extension:minPinLength: true, webauthn:extension:prf: true, webauthn:virtualAuthenticators: true}
Session ID: 6e7331bb5ce2bc33247655181c1178fa
	at org.openqa.selenium.remote.codec.w3c.W3CHttpResponseCodec.createException(W3CHttpResponseCodec.java:185)
	at org.openqa.selenium.remote.codec.w3c.W3CHttpResponseCodec.decode(W3CHttpResponseCodec.java:134)
	at org.openqa.selenium.remote.codec.w3c.W3CHttpResponseCodec.decode(W3CHttpResponseCodec.java:51)
	at org.openqa.selenium.remote.HttpCommandExecutor.execute(HttpCommandExecutor.java:190)
	at org.openqa.selenium.remote.service.DriverCommandExecutor.invokeExecute(DriverCommandExecutor.java:216)
	at org.openqa.selenium.remote.service.DriverCommandExecutor.execute(DriverCommandExecutor.java:174)
	at org.openqa.selenium.remote.RemoteWebDriver.execute(RemoteWebDriver.java:519)
	at org.openqa.selenium.remote.ElementLocation$ElementFinder$2.findElement(ElementLocation.java:165)
	at org.openqa.selenium.remote.ElementLocation.findElement(ElementLocation.java:59)
	at org.openqa.selenium.remote.RemoteWebDriver.findElement(RemoteWebDriver.java:356)
	at org.openqa.selenium.remote.RemoteWebDriver.findElement(RemoteWebDriver.java:350)
	at com.automationexerciseTestCases.TC_04_LogoutUser.logoutuser(TC_04_LogoutUser.java:60)
	at java.base/java.util.ArrayList.forEach(ArrayList.java:1511)
... Removed 32 stack frames</div></td></tr></table><p class="totop"><a href="#summary">back to summary</a></p>
<h3 id="m2">com.automationexerciseTestCases.TC_06_ContactUsForm#contactus</h3><table class="result"><tr><th>Exception</th></tr><tr><td><div class="stacktrace">java.lang.AssertionError
	at org.junit.Assert.fail(Assert.java:86)
	at org.junit.Assert.assertTrue(Assert.java:41)
	at org.junit.Assert.assertTrue(Assert.java:52)
	at com.automationexerciseTestCases.TC_06_ContactUsForm.contactus(TC_06_ContactUsForm.java:120)
	at java.base/java.util.ArrayList.forEach(ArrayList.java:1511)
... Removed 27 stack frames</div></td></tr></table><p class="totop"><a href="#summary">back to summary</a></p>
<h3 id="m3">com.automationexerciseTestCases.TC_07_VerifyTestcasePage#testcasepage</h3><table class="result"><tr><th>Exception</th></tr><tr><td><div class="stacktrace">org.openqa.selenium.NoSuchElementException: no such element: Unable to locate element: {&quot;method&quot;:&quot;xpath&quot;,&quot;selector&quot;:&quot;//*[@id=&quot;form&quot;]/div/div[1]/div/h2/b&quot;}
  (Session info: MicrosoftEdge=122.0.2365.52)
For documentation on this error, please visit: https://www.selenium.dev/documentation/webdriver/troubleshooting/errors#no-such-element-exception
Build info: version: &apos;4.17.0&apos;, revision: &apos;e52b1be057*&apos;
System info: os.name: &apos;Windows 11&apos;, os.arch: &apos;amd64&apos;, os.version: &apos;10.0&apos;, java.version: &apos;17.0.7&apos;
Driver info: org.openqa.selenium.edge.EdgeDriver
Command: [62a3f936eb0a27d8fcac7ff9d10100b6, findElement {value=//*[@id=&quot;form&quot;]/div/div[1]/div/h2/b, using=xpath}]
Capabilities {acceptInsecureCerts: false, browserName: MicrosoftEdge, browserVersion: 122.0.2365.52, fedcm:accounts: true, ms:edgeOptions: {debuggerAddress: localhost:49897}, msedge: {msedgedriverVersion: 122.0.2365.52 (dcf246d1e496..., userDataDir: C:\Users\Seema\AppData\Loca...}, networkConnectionEnabled: false, pageLoadStrategy: normal, platformName: windows, proxy: Proxy(), se:cdp: ws://localhost:49897/devtoo..., se:cdpVersion: 122.0.2365.52, setWindowRect: true, strictFileInteractability: false, timeouts: {implicit: 0, pageLoad: 300000, script: 30000}, unhandledPromptBehavior: dismiss and notify, webauthn:extension:credBlob: true, webauthn:extension:largeBlob: true, webauthn:extension:minPinLength: true, webauthn:extension:prf: true, webauthn:virtualAuthenticators: true}
Session ID: 62a3f936eb0a27d8fcac7ff9d10100b6
	at org.openqa.selenium.remote.codec.w3c.W3CHttpResponseCodec.createException(W3CHttpResponseCodec.java:185)
	at org.openqa.selenium.remote.codec.w3c.W3CHttpResponseCodec.decode(W3CHttpResponseCodec.java:134)
	at org.openqa.selenium.remote.codec.w3c.W3CHttpResponseCodec.decode(W3CHttpResponseCodec.java:51)
	at org.openqa.selenium.remote.HttpCommandExecutor.execute(HttpCommandExecutor.java:190)
	at org.openqa.selenium.remote.service.DriverCommandExecutor.invokeExecute(DriverCommandExecutor.java:216)
	at org.openqa.selenium.remote.service.DriverCommandExecutor.execute(DriverCommandExecutor.java:174)
	at org.openqa.selenium.remote.RemoteWebDriver.execute(RemoteWebDriver.java:519)
	at org.openqa.selenium.remote.ElementLocation$ElementFinder$2.findElement(ElementLocation.java:165)
	at org.openqa.selenium.remote.ElementLocation.findElement(ElementLocation.java:59)
	at org.openqa.selenium.remote.RemoteWebDriver.findElement(RemoteWebDriver.java:356)
	at org.openqa.selenium.remote.RemoteWebDriver.findElement(RemoteWebDriver.java:350)
	at com.automationexerciseTestCases.TC_07_VerifyTestcasePage.testcasepage(TC_07_VerifyTestcasePage.java:32)
	at java.base/java.util.ArrayList.forEach(ArrayList.java:1511)
... Removed 32 stack frames</div></td></tr></table><p class="totop"><a href="#summary">back to summary</a></p>
<h3 id="m4">com.automationexerciseTestCases.TC_08_VerifyProductDetailPage#productdetailpage</h3><table class="result"><tr><th>Exception</th></tr><tr><td><div class="stacktrace">java.lang.AssertionError: expected [true] but found [false]
	at com.automationexerciseTestCases.TC_08_VerifyProductDetailPage.productdetailpage(TC_08_VerifyProductDetailPage.java:38)
	at java.base/java.util.ArrayList.forEach(ArrayList.java:1511)
... Removed 31 stack frames</div></td></tr></table><p class="totop"><a href="#summary">back to summary</a></p>
<h3 id="m5">com.automationexerciseTestCases.TC_09_SearchProduct#searchproduct</h3><table class="result"><tr><th>Exception</th></tr><tr><td><div class="stacktrace">java.lang.AssertionError: expected [true] but found [false]
	at com.automationexerciseTestCases.TC_09_SearchProduct.searchproduct(TC_09_SearchProduct.java:40)
	at java.base/java.util.ArrayList.forEach(ArrayList.java:1511)
... Removed 31 stack frames</div></td></tr></table><p class="totop"><a href="#summary">back to summary</a></p>
<h3 id="m6">com.automationexerciseTestCases.TC_13_VerifyProductQuantityInCart#productquantityincart</h3><table class="result"><tr><th>Exception</th></tr><tr><td><div class="stacktrace">org.openqa.selenium.ElementClickInterceptedException: element click intercepted: Element &lt;a href=&quot;/product_details/1&quot; style=&quot;color: brown;&quot;&gt;...&lt;/a&gt; is not clickable at point (450, 640). Other element would receive the click: &lt;iframe id=&quot;aswift_6&quot; name=&quot;aswift_6&quot; style=&quot;width: 100vw !important; height: 100vh !important; inset: 0px auto auto 0px !important; position: absolute !important; clear: none !important; display: inline !important; float: none !important; margin: 0px !important; max-height: none !important; max-width: none !important; opacity: 1 !important; overflow: visible !important; padding: 0px !important; vertical-align: baseline !important; visibility: visible !important; z-index: auto !important;&quot; sandbox=&quot;allow-forms allow-popups allow-popups-to-escape-sandbox allow-same-origin allow-scripts allow-top-navigation-by-user-activation&quot; width=&quot;&quot; height=&quot;&quot; frameborder=&quot;0&quot; marginwidth=&quot;0&quot; marginheight=&quot;0&quot; vspace=&quot;0&quot; hspace=&quot;0&quot; allowtransparency=&quot;true&quot; scrolling=&quot;no&quot; src=&quot;https://googleads.g.doubleclick.net/pagead/html/r20240227/r20110914/zrt_lookup_nohtml_fy2021.html#RS-0-&amp;amp;adk=1812271808&amp;amp;client=ca-pub-1677597403311019&amp;amp;fa=8&amp;amp;ifi=7&amp;amp;uci=a!7&quot; data-google-container-id=&quot;a!7&quot; data-google-query-id=&quot;CLr2p9740oQDFYcJtwAdppwAiQ&quot; data-load-complete=&quot;true&quot;&gt;&lt;/iframe&gt;
  (Session info: MicrosoftEdge=122.0.2365.52)
Build info: version: &apos;4.17.0&apos;, revision: &apos;e52b1be057*&apos;
System info: os.name: &apos;Windows 11&apos;, os.arch: &apos;amd64&apos;, os.version: &apos;10.0&apos;, java.version: &apos;17.0.7&apos;
Driver info: org.openqa.selenium.edge.EdgeDriver
Command: [555985b3814262040d691f998f2bf0d9, clickElement {id=f.B7BD37C09754698E179F4DD7FA2D344D.d.29C7E691106A39C968B4AB0D654CA000.e.30}]
Capabilities {acceptInsecureCerts: false, browserName: MicrosoftEdge, browserVersion: 122.0.2365.52, fedcm:accounts: true, ms:edgeOptions: {debuggerAddress: localhost:50306}, msedge: {msedgedriverVersion: 122.0.2365.52 (dcf246d1e496..., userDataDir: C:\Users\Seema\AppData\Loca...}, networkConnectionEnabled: false, pageLoadStrategy: normal, platformName: windows, proxy: Proxy(), se:cdp: ws://localhost:50306/devtoo..., se:cdpVersion: 122.0.2365.52, setWindowRect: true, strictFileInteractability: false, timeouts: {implicit: 0, pageLoad: 300000, script: 30000}, unhandledPromptBehavior: dismiss and notify, webauthn:extension:credBlob: true, webauthn:extension:largeBlob: true, webauthn:extension:minPinLength: true, webauthn:extension:prf: true, webauthn:virtualAuthenticators: true}
Element: [[EdgeDriver: MicrosoftEdge on windows (555985b3814262040d691f998f2bf0d9)] -&gt; xpath: //a[@href=&apos;/product_details/1&apos;]]
Session ID: 555985b3814262040d691f998f2bf0d9
	at org.openqa.selenium.remote.codec.w3c.W3CHttpResponseCodec.createException(W3CHttpResponseCodec.java:185)
	at org.openqa.selenium.remote.codec.w3c.W3CHttpResponseCodec.decode(W3CHttpResponseCodec.java:134)
	at org.openqa.selenium.remote.codec.w3c.W3CHttpResponseCodec.decode(W3CHttpResponseCodec.java:51)
	at org.openqa.selenium.remote.HttpCommandExecutor.execute(HttpCommandExecutor.java:190)
	at org.openqa.selenium.remote.service.DriverCommandExecutor.invokeExecute(DriverCommandExecutor.java:216)
	at org.openqa.selenium.remote.service.DriverCommandExecutor.execute(DriverCommandExecutor.java:174)
	at org.openqa.selenium.remote.RemoteWebDriver.execute(RemoteWebDriver.java:519)
	at org.openqa.selenium.remote.RemoteWebElement.execute(RemoteWebElement.java:223)
	at org.openqa.selenium.remote.RemoteWebElement.click(RemoteWebElement.java:76)
	at com.automationexerciseTestCases.TC_13_VerifyProductQuantityInCart.productquantityincart(TC_13_VerifyProductQuantityInCart.java:19)
	at java.base/java.util.ArrayList.forEach(ArrayList.java:1511)
... Removed 32 stack frames</div></td></tr></table><p class="totop"><a href="#summary">back to summary</a></p>
<h3 id="m7">com.automationexerciseTestCases.TC_16_PlaceOrderLoginBeforeCheckOut#loginbeforecheckout</h3><table class="result"><tr><th>Exception</th></tr><tr><td><div class="stacktrace">org.openqa.selenium.NoSuchElementException: no such element: Unable to locate element: {&quot;method&quot;:&quot;xpath&quot;,&quot;selector&quot;:&quot;//*[@id=&quot;header&quot;]/div/div/div/div[2]/div/ul/li[10]/a/b&quot;}
  (Session info: MicrosoftEdge=122.0.2365.52)
For documentation on this error, please visit: https://www.selenium.dev/documentation/webdriver/troubleshooting/errors#no-such-element-exception
Build info: version: &apos;4.17.0&apos;, revision: &apos;e52b1be057*&apos;
System info: os.name: &apos;Windows 11&apos;, os.arch: &apos;amd64&apos;, os.version: &apos;10.0&apos;, java.version: &apos;17.0.7&apos;
Driver info: org.openqa.selenium.edge.EdgeDriver
Command: [be66e9abf58eed1c0452e5cc40fc3c35, findElement {value=//*[@id=&quot;header&quot;]/div/div/div/div[2]/div/ul/li[10]/a/b, using=xpath}]
Capabilities {acceptInsecureCerts: false, browserName: MicrosoftEdge, browserVersion: 122.0.2365.52, fedcm:accounts: true, ms:edgeOptions: {debuggerAddress: localhost:50626}, msedge: {msedgedriverVersion: 122.0.2365.52 (dcf246d1e496..., userDataDir: C:\Users\Seema\AppData\Loca...}, networkConnectionEnabled: false, pageLoadStrategy: normal, platformName: windows, proxy: Proxy(), se:cdp: ws://localhost:50626/devtoo..., se:cdpVersion: 122.0.2365.52, setWindowRect: true, strictFileInteractability: false, timeouts: {implicit: 0, pageLoad: 300000, script: 30000}, unhandledPromptBehavior: dismiss and notify, webauthn:extension:credBlob: true, webauthn:extension:largeBlob: true, webauthn:extension:minPinLength: true, webauthn:extension:prf: true, webauthn:virtualAuthenticators: true}
Session ID: be66e9abf58eed1c0452e5cc40fc3c35
	at org.openqa.selenium.remote.codec.w3c.W3CHttpResponseCodec.createException(W3CHttpResponseCodec.java:185)
	at org.openqa.selenium.remote.codec.w3c.W3CHttpResponseCodec.decode(W3CHttpResponseCodec.java:134)
	at org.openqa.selenium.remote.codec.w3c.W3CHttpResponseCodec.decode(W3CHttpResponseCodec.java:51)
	at org.openqa.selenium.remote.HttpCommandExecutor.execute(HttpCommandExecutor.java:190)
	at org.openqa.selenium.remote.service.DriverCommandExecutor.invokeExecute(DriverCommandExecutor.java:216)
	at org.openqa.selenium.remote.service.DriverCommandExecutor.execute(DriverCommandExecutor.java:174)
	at org.openqa.selenium.remote.RemoteWebDriver.execute(RemoteWebDriver.java:519)
	at org.openqa.selenium.remote.ElementLocation$ElementFinder$2.findElement(ElementLocation.java:165)
	at org.openqa.selenium.remote.ElementLocation.findElement(ElementLocation.java:59)
	at org.openqa.selenium.remote.RemoteWebDriver.findElement(RemoteWebDriver.java:356)
	at org.openqa.selenium.remote.RemoteWebDriver.findElement(RemoteWebDriver.java:350)
	at com.automationexerciseTestCases.TC_16_PlaceOrderLoginBeforeCheckOut.loginbeforecheckout(TC_16_PlaceOrderLoginBeforeCheckOut.java:60)
	at java.base/java.util.ArrayList.forEach(ArrayList.java:1511)
... Removed 32 stack frames</div></td></tr></table><p class="totop"><a href="#summary">back to summary</a></p>
<h3 id="m8">com.automationexerciseTestCases.TC_20_SearchProductAndVerifyCartAfterLogin#searchproductandverifycart</h3><table class="result"><tr><th>Exception</th></tr><tr><td><div class="stacktrace">org.openqa.selenium.ElementClickInterceptedException: element click intercepted: Element &lt;a data-product-id=&quot;1&quot; class=&quot;btn btn-default add-to-cart&quot;&gt;...&lt;/a&gt; is not clickable at point (602, 679). Other element would receive the click: &lt;iframe id=&quot;aswift_1&quot; name=&quot;aswift_1&quot; style=&quot;width: 1005px !important; height: 124px !important; display: block; margin: 0px auto;&quot; sandbox=&quot;allow-forms allow-popups allow-popups-to-escape-sandbox allow-same-origin allow-scripts allow-top-navigation-by-user-activation&quot; width=&quot;1005&quot; height=&quot;124&quot; frameborder=&quot;0&quot; marginwidth=&quot;0&quot; marginheight=&quot;0&quot; vspace=&quot;0&quot; hspace=&quot;0&quot; allowtransparency=&quot;true&quot; scrolling=&quot;no&quot; src=&quot;https://googleads.g.doubleclick.net/pagead/html/r20240228/r20110914/zrt_lookup_nohtml_fy2021.html#RS-0-&amp;amp;adk=1812271801&amp;amp;client=ca-pub-1677597403311019&amp;amp;fa=1&amp;amp;ifi=2&amp;amp;uci=a!2&amp;amp;btvi=1&quot; data-google-container-id=&quot;a!2&quot; data-google-query-id=&quot;COGbx6_50oQDFXOkrAIdqdsIaQ&quot; data-load-complete=&quot;true&quot;&gt;&lt;/iframe&gt;
  (Session info: MicrosoftEdge=122.0.2365.52)
Build info: version: &apos;4.17.0&apos;, revision: &apos;e52b1be057*&apos;
System info: os.name: &apos;Windows 11&apos;, os.arch: &apos;amd64&apos;, os.version: &apos;10.0&apos;, java.version: &apos;17.0.7&apos;
Driver info: org.openqa.selenium.edge.EdgeDriver
Command: [a3248432a6c8df316f7db22a27acce88, clickElement {id=f.BEAFC1E63FBEBC99C0DFC3C0C34735E7.d.47FAB5401810E88FED62ADDEBFB98DD9.e.85}]
Capabilities {acceptInsecureCerts: false, browserName: MicrosoftEdge, browserVersion: 122.0.2365.52, fedcm:accounts: true, ms:edgeOptions: {debuggerAddress: localhost:50902}, msedge: {msedgedriverVersion: 122.0.2365.52 (dcf246d1e496..., userDataDir: C:\Users\Seema\AppData\Loca...}, networkConnectionEnabled: false, pageLoadStrategy: normal, platformName: windows, proxy: Proxy(), se:cdp: ws://localhost:50902/devtoo..., se:cdpVersion: 122.0.2365.52, setWindowRect: true, strictFileInteractability: false, timeouts: {implicit: 0, pageLoad: 300000, script: 30000}, unhandledPromptBehavior: dismiss and notify, webauthn:extension:credBlob: true, webauthn:extension:largeBlob: true, webauthn:extension:minPinLength: true, webauthn:extension:prf: true, webauthn:virtualAuthenticators: true}
Element: [[EdgeDriver: MicrosoftEdge on windows (a3248432a6c8df316f7db22a27acce88)] -&gt; xpath:  //a[@data-product-id=&apos;1&apos;]]
Session ID: a3248432a6c8df316f7db22a27acce88
	at org.openqa.selenium.remote.codec.w3c.W3CHttpResponseCodec.createException(W3CHttpResponseCodec.java:185)
	at org.openqa.selenium.remote.codec.w3c.W3CHttpResponseCodec.decode(W3CHttpResponseCodec.java:134)
	at org.openqa.selenium.remote.codec.w3c.W3CHttpResponseCodec.decode(W3CHttpResponseCodec.java:51)
	at org.openqa.selenium.remote.HttpCommandExecutor.execute(HttpCommandExecutor.java:190)
	at org.openqa.selenium.remote.service.DriverCommandExecutor.invokeExecute(DriverCommandExecutor.java:216)
	at org.openqa.selenium.remote.service.DriverCommandExecutor.execute(DriverCommandExecutor.java:174)
	at org.openqa.selenium.remote.RemoteWebDriver.execute(RemoteWebDriver.java:519)
	at org.openqa.selenium.remote.RemoteWebElement.execute(RemoteWebElement.java:223)
	at org.openqa.selenium.remote.RemoteWebElement.click(RemoteWebElement.java:76)
	at com.automationexerciseTestCases.TC_20_SearchProductAndVerifyCartAfterLogin.searchproductandverifycart(TC_20_SearchProductAndVerifyCartAfterLogin.java:75)
	at java.base/java.util.ArrayList.forEach(ArrayList.java:1511)
... Removed 32 stack frames</div></td></tr></table><p class="totop"><a href="#summary">back to summary</a></p>
<h3 id="m9">com.automationexerciseTestCases.TC_21_AddReviewOnProduct#addreviewonproduct</h3><table class="result"><tr><th>Exception</th></tr><tr><td><div class="stacktrace">java.lang.AssertionError: expected [ALL PRODUCTS] but found [FEATURES ITEMS]
	at com.automationexerciseTestCases.TC_21_AddReviewOnProduct.addreviewonproduct(TC_21_AddReviewOnProduct.java:15)
	at java.base/java.util.ArrayList.forEach(ArrayList.java:1511)
... Removed 33 stack frames</div></td></tr></table><p class="totop"><a href="#summary">back to summary</a></p>
<h3 id="m10">com.automationexerciseTestCases.TC_22_AddToCartFromRecommendedItems#addtocartfromrecommendeditems</h3><table class="result"><tr><th>Exception</th></tr><tr><td><div class="stacktrace">org.openqa.selenium.ElementClickInterceptedException: element click intercepted: Element &lt;a href=&quot;/view_cart&quot;&gt;...&lt;/a&gt; is not clickable at point (614, 10). Other element would receive the click: &lt;div id=&quot;cartModal&quot; class=&quot;modal show&quot;&gt;...&lt;/div&gt;
  (Session info: MicrosoftEdge=122.0.2365.52)
Build info: version: &apos;4.17.0&apos;, revision: &apos;e52b1be057*&apos;
System info: os.name: &apos;Windows 11&apos;, os.arch: &apos;amd64&apos;, os.version: &apos;10.0&apos;, java.version: &apos;17.0.7&apos;
Driver info: org.openqa.selenium.edge.EdgeDriver
Command: [69483c7d896fa3f8f2bbf84f55b36e1f, clickElement {id=f.1980FC7CC825D0D32FFA6EDCABA08BA9.d.00FB3C6F76F53792841B05376A993270.e.9}]
Capabilities {acceptInsecureCerts: false, browserName: MicrosoftEdge, browserVersion: 122.0.2365.52, fedcm:accounts: true, ms:edgeOptions: {debuggerAddress: localhost:51039}, msedge: {msedgedriverVersion: 122.0.2365.52 (dcf246d1e496..., userDataDir: C:\Users\Seema\AppData\Loca...}, networkConnectionEnabled: false, pageLoadStrategy: normal, platformName: windows, proxy: Proxy(), se:cdp: ws://localhost:51039/devtoo..., se:cdpVersion: 122.0.2365.52, setWindowRect: true, strictFileInteractability: false, timeouts: {implicit: 0, pageLoad: 300000, script: 30000}, unhandledPromptBehavior: dismiss and notify, webauthn:extension:credBlob: true, webauthn:extension:largeBlob: true, webauthn:extension:minPinLength: true, webauthn:extension:prf: true, webauthn:virtualAuthenticators: true}
Element: [[EdgeDriver: MicrosoftEdge on windows (69483c7d896fa3f8f2bbf84f55b36e1f)] -&gt; xpath: //a[@href=&apos;/view_cart&apos;]]
Session ID: 69483c7d896fa3f8f2bbf84f55b36e1f
	at org.openqa.selenium.remote.codec.w3c.W3CHttpResponseCodec.createException(W3CHttpResponseCodec.java:185)
	at org.openqa.selenium.remote.codec.w3c.W3CHttpResponseCodec.decode(W3CHttpResponseCodec.java:134)
	at org.openqa.selenium.remote.codec.w3c.W3CHttpResponseCodec.decode(W3CHttpResponseCodec.java:51)
	at org.openqa.selenium.remote.HttpCommandExecutor.execute(HttpCommandExecutor.java:190)
	at org.openqa.selenium.remote.service.DriverCommandExecutor.invokeExecute(DriverCommandExecutor.java:216)
	at org.openqa.selenium.remote.service.DriverCommandExecutor.execute(DriverCommandExecutor.java:174)
	at org.openqa.selenium.remote.RemoteWebDriver.execute(RemoteWebDriver.java:519)
	at org.openqa.selenium.remote.RemoteWebElement.execute(RemoteWebElement.java:223)
	at org.openqa.selenium.remote.RemoteWebElement.click(RemoteWebElement.java:76)
	at com.automationexerciseTestCases.TC_22_AddToCartFromRecommendedItems.addtocartfromrecommendeditems(TC_22_AddToCartFromRecommendedItems.java:27)
	at java.base/java.util.ArrayList.forEach(ArrayList.java:1511)
... Removed 32 stack frames</div></td></tr></table><p class="totop"><a href="#summary">back to summary</a></p>
<h3 id="m11">com.automationexerciseTestCases.TC_01_LoginTest#logintest</h3><table class="result"><tr><th class="invisible"/></tr></table><p class="totop"><a href="#summary">back to summary</a></p>
<h3 id="m12">com.automationexerciseTestCases.TC_03_IncorrectLogin#loginwithincorrectdata</h3><table class="result"><tr><th class="invisible"/></tr></table><p class="totop"><a href="#summary">back to summary</a></p>
<h3 id="m13">com.automationexerciseTestCases.TC_05_RegisterExistingUser#registerexistinguser</h3><table class="result"><tr><th class="invisible"/></tr></table><p class="totop"><a href="#summary">back to summary</a></p>
<h3 id="m14">com.automationexerciseTestCases.TC_10_Subscription#subscription</h3><table class="result"><tr><th class="invisible"/></tr></table><p class="totop"><a href="#summary">back to summary</a></p>
<h3 id="m15">com.automationexerciseTestCases.TC_11_VerifySubscriptionInCartPage#subscriptionincartpage</h3><table class="result"><tr><th class="invisible"/></tr></table><p class="totop"><a href="#summary">back to summary</a></p>
<h3 id="m16">com.automationexerciseTestCases.TC_12_AddProductInCart#addproductincart</h3><table class="result"><tr><th class="invisible"/></tr></table><p class="totop"><a href="#summary">back to summary</a></p>
<h3 id="m17">com.automationexerciseTestCases.TC_14_PlaceOrderCheckOutRegister#placeorder</h3><table class="result"><tr><th class="invisible"/></tr></table><p class="totop"><a href="#summary">back to summary</a></p>
<h3 id="m18">com.automationexerciseTestCases.TC_15_PlaceOrderRegisterBeforeCheckout#registerbeforececkout</h3><table class="result"><tr><th class="invisible"/></tr></table><p class="totop"><a href="#summary">back to summary</a></p>
<h3 id="m19">com.automationexerciseTestCases.TC_17_RemoveProductFromCart#removeproducfromcart</h3><table class="result"><tr><th class="invisible"/></tr></table><p class="totop"><a href="#summary">back to summary</a></p>
<h3 id="m20">com.automationexerciseTestCases.TC_18_ViewCategoryProduct#categoryproduct</h3><table class="result"><tr><th class="invisible"/></tr></table><p class="totop"><a href="#summary">back to summary</a></p>
<h3 id="m21">com.automationexerciseTestCases.TC_19_CartBrandProduct#cartbrandproduct</h3><table class="result"><tr><th class="invisible"/></tr></table><p class="totop"><a href="#summary">back to summary</a></p>
<h3 id="m22">com.automationexerciseTestCases.TC_23_VerifyAddressDetailsInCheckoutPage#verifyaddressdetailsincheckoutpage</h3><table class="result"><tr><th class="invisible"/></tr></table><p class="totop"><a href="#summary">back to summary</a></p>
<h3 id="m23">com.automationexerciseTestCases.TC_24_DownloadInvoiceAfterPurchaseOrder#downloadinvoice</h3><table class="result"><tr><th class="invisible"/></tr></table><p class="totop"><a href="#summary">back to summary</a></p>
<h3 id="m24">com.automationexerciseTestCases.TC_25_ScrollUpUsingArrowButton#scrollupanddownfunctionality</h3><table class="result"><tr><th class="invisible"/></tr></table><p class="totop"><a href="#summary">back to summary</a></p>
<h3 id="m25">com.automationexerciseTestCases.TC_26_ScrollUpWithoutArrowButton#scrollupanddown</h3><table class="result"><tr><th class="invisible"/></tr></table><p class="totop"><a href="#summary">back to summary</a></p>
</body>
</html>
