<!DOCTYPE html>

<html>
  <head>
  <meta charset='utf-8'>
  <title>TestNG reports</title>

    <link type="text/css" href="testng-reports1.css" rel="stylesheet" id="ultra" />
    <link type="text/css" href="testng-reports.css" rel="stylesheet" id="retro" disabled="false"/>
    <script type="text/javascript" src="jquery-3.6.0.min.js"></script>
    <script type="text/javascript" src="testng-reports.js"></script>
    <script type="text/javascript" src="https://www.google.com/jsapi"></script>
    <script type='text/javascript'>
      google.load('visualization', '1', {packages:['table']});
      google.setOnLoadCallback(drawTable);
      var suiteTableInitFunctions = new Array();
      var suiteTableData = new Array();
    </script>
    <!--
      <script type="text/javascript" src="jquery-ui/js/jquery-ui-1.8.16.custom.min.js"></script>
     -->
  </head>

  <body>    <div class="top-banner-root">
      <span class="top-banner-title-font">Test results</span>
      <button id="button" class="button">Switch Retro Theme</button> <!-- button -->
      <br/>
      <span class="top-banner-font-1">1 suite, 11 failed tests</span>
    </div> <!-- top-banner-root -->
    <div class="navigator-root">
      <div class="navigator-suite-header">
        <span>All suites</span>
        <a href="#" title="Collapse/expand all the suites" class="collapse-all-link">
          <img src="collapseall.gif" class="collapse-all-icon">
          </img> <!-- collapse-all-icon -->
        </a> <!-- collapse-all-link -->
      </div> <!-- navigator-suite-header -->
      <div class="suite">
        <div class="rounded-window">
          <div class="suite-header light-rounded-window-top">
            <a href="#" panel-name="suite-Suite" class="navigator-link">
              <span class="suite-name border-failed">Suite</span>
            </a> <!-- navigator-link -->
          </div> <!-- suite-header light-rounded-window-top -->
          <div class="navigator-suite-content">
            <div class="suite-section-title">
              <span>Info</span>
            </div> <!-- suite-section-title -->
            <div class="suite-section-content">
              <ul>
                <li>
                  <a href="#" panel-name="test-xml-Suite" class="navigator-link ">
                    <span>C:\Users\Seema\eclipse-workspace\AutomationExercise\testng.xml</span>
                  </a> <!-- navigator-link  -->
                </li>
                <li>
                  <a href="#" panel-name="testlist-Suite" class="navigator-link ">
                    <span class="test-stats">1 test</span>
                  </a> <!-- navigator-link  -->
                </li>
                <li>
                  <a href="#" panel-name="group-Suite" class="navigator-link ">
                    <span>0 groups</span>
                  </a> <!-- navigator-link  -->
                </li>
                <li>
                  <a href="#" panel-name="times-Suite" class="navigator-link ">
                    <span>Times</span>
                  </a> <!-- navigator-link  -->
                </li>
                <li>
                  <a href="#" panel-name="reporter-Suite" class="navigator-link ">
                    <span>Reporter output</span>
                  </a> <!-- navigator-link  -->
                </li>
                <li>
                  <a href="#" panel-name="ignored-methods-Suite" class="navigator-link ">
                    <span>Ignored methods</span>
                  </a> <!-- navigator-link  -->
                </li>
                <li>
                  <a href="#" panel-name="chronological-Suite" class="navigator-link ">
                    <span>Chronological view</span>
                  </a> <!-- navigator-link  -->
                </li>
              </ul>
            </div> <!-- suite-section-content -->
            <div class="result-section">
              <div class="suite-section-title">
                <span>Results</span>
              </div> <!-- suite-section-title -->
              <div class="suite-section-content">
                <ul>
                  <li>
                    <span class="method-stats">26 methods, 11 failed,   15 passed</span>
                  </li>
                  <li>
                    <span class="method-list-title failed">Failed methods</span>
                    <span class="show-or-hide-methods failed">
                      <a href="#" panel-name="suite-Suite" class="hide-methods failed suite-Suite"> (hide)</a> <!-- hide-methods failed suite-Suite -->
                      <a href="#" panel-name="suite-Suite" class="show-methods failed suite-Suite"> (show)</a> <!-- show-methods failed suite-Suite -->
                    </span>
                    <div class="method-list-content failed suite-Suite">
                      <span>
                        <img src="failed.png" width="3%"/>
                        <a href="#" panel-name="suite-Suite" title="com.automationexerciseTestCases.TC_21_AddReviewOnProduct" class="method navigator-link" hash-for-method="addreviewonproduct">addreviewonproduct</a> <!-- method navigator-link -->
                      </span>
                      <br/>
                      <span>
                        <img src="failed.png" width="3%"/>
                        <a href="#" panel-name="suite-Suite" title="com.automationexerciseTestCases.TC_22_AddToCartFromRecommendedItems" class="method navigator-link" hash-for-method="addtocartfromrecommendeditems">addtocartfromrecommendeditems</a> <!-- method navigator-link -->
                      </span>
                      <br/>
                      <span>
                        <img src="failed.png" width="3%"/>
                        <a href="#" panel-name="suite-Suite" title="com.automationexerciseTestCases.TC_06_ContactUsForm" class="method navigator-link" hash-for-method="contactus">contactus</a> <!-- method navigator-link -->
                      </span>
                      <br/>
                      <span>
                        <img src="failed.png" width="3%"/>
                        <a href="#" panel-name="suite-Suite" title="com.automationexerciseTestCases.TC_16_PlaceOrderLoginBeforeCheckOut" class="method navigator-link" hash-for-method="loginbeforecheckout">loginbeforecheckout</a> <!-- method navigator-link -->
                      </span>
                      <br/>
                      <span>
                        <img src="failed.png" width="3%"/>
                        <a href="#" panel-name="suite-Suite" title="com.automationexerciseTestCases.TC_04_LogoutUser" class="method navigator-link" hash-for-method="logoutuser">logoutuser</a> <!-- method navigator-link -->
                      </span>
                      <br/>
                      <span>
                        <img src="failed.png" width="3%"/>
                        <a href="#" panel-name="suite-Suite" title="com.automationexerciseTestCases.TC_08_VerifyProductDetailPage" class="method navigator-link" hash-for-method="productdetailpage">productdetailpage</a> <!-- method navigator-link -->
                      </span>
                      <br/>
                      <span>
                        <img src="failed.png" width="3%"/>
                        <a href="#" panel-name="suite-Suite" title="com.automationexerciseTestCases.TC_13_VerifyProductQuantityInCart" class="method navigator-link" hash-for-method="productquantityincart">productquantityincart</a> <!-- method navigator-link -->
                      </span>
                      <br/>
                      <span>
                        <img src="failed.png" width="3%"/>
                        <a href="#" panel-name="suite-Suite" title="com.automationexerciseTestCases.TC_02_RegisterUser" class="method navigator-link" hash-for-method="registertest">registertest</a> <!-- method navigator-link -->
                      </span>
                      <br/>
                      <span>
                        <img src="failed.png" width="3%"/>
                        <a href="#" panel-name="suite-Suite" title="com.automationexerciseTestCases.TC_09_SearchProduct" class="method navigator-link" hash-for-method="searchproduct">searchproduct</a> <!-- method navigator-link -->
                      </span>
                      <br/>
                      <span>
                        <img src="failed.png" width="3%"/>
                        <a href="#" panel-name="suite-Suite" title="com.automationexerciseTestCases.TC_20_SearchProductAndVerifyCartAfterLogin" class="method navigator-link" hash-for-method="searchproductandverifycart">searchproductandverifycart</a> <!-- method navigator-link -->
                      </span>
                      <br/>
                      <span>
                        <img src="failed.png" width="3%"/>
                        <a href="#" panel-name="suite-Suite" title="com.automationexerciseTestCases.TC_07_VerifyTestcasePage" class="method navigator-link" hash-for-method="testcasepage">testcasepage</a> <!-- method navigator-link -->
                      </span>
                      <br/>
                    </div> <!-- method-list-content failed suite-Suite -->
                  </li>
                  <li>
                    <span class="method-list-title passed">Passed methods</span>
                    <span class="show-or-hide-methods passed">
                      <a href="#" panel-name="suite-Suite" class="hide-methods passed suite-Suite"> (hide)</a> <!-- hide-methods passed suite-Suite -->
                      <a href="#" panel-name="suite-Suite" class="show-methods passed suite-Suite"> (show)</a> <!-- show-methods passed suite-Suite -->
                    </span>
                    <div class="method-list-content passed suite-Suite">
                      <span>
                        <img src="passed.png" width="3%"/>
                        <a href="#" panel-name="suite-Suite" title="com.automationexerciseTestCases.TC_12_AddProductInCart" class="method navigator-link" hash-for-method="addproductincart">addproductincart</a> <!-- method navigator-link -->
                      </span>
                      <br/>
                      <span>
                        <img src="passed.png" width="3%"/>
                        <a href="#" panel-name="suite-Suite" title="com.automationexerciseTestCases.TC_19_CartBrandProduct" class="method navigator-link" hash-for-method="cartbrandproduct">cartbrandproduct</a> <!-- method navigator-link -->
                      </span>
                      <br/>
                      <span>
                        <img src="passed.png" width="3%"/>
                        <a href="#" panel-name="suite-Suite" title="com.automationexerciseTestCases.TC_18_ViewCategoryProduct" class="method navigator-link" hash-for-method="categoryproduct">categoryproduct</a> <!-- method navigator-link -->
                      </span>
                      <br/>
                      <span>
                        <img src="passed.png" width="3%"/>
                        <a href="#" panel-name="suite-Suite" title="com.automationexerciseTestCases.TC_24_DownloadInvoiceAfterPurchaseOrder" class="method navigator-link" hash-for-method="downloadinvoice">downloadinvoice</a> <!-- method navigator-link -->
                      </span>
                      <br/>
                      <span>
                        <img src="passed.png" width="3%"/>
                        <a href="#" panel-name="suite-Suite" title="com.automationexerciseTestCases.TC_01_LoginTest" class="method navigator-link" hash-for-method="logintest">logintest</a> <!-- method navigator-link -->
                      </span>
                      <br/>
                      <span>
                        <img src="passed.png" width="3%"/>
                        <a href="#" panel-name="suite-Suite" title="com.automationexerciseTestCases.TC_03_IncorrectLogin" class="method navigator-link" hash-for-method="loginwithincorrectdata">loginwithincorrectdata</a> <!-- method navigator-link -->
                      </span>
                      <br/>
                      <span>
                        <img src="passed.png" width="3%"/>
                        <a href="#" panel-name="suite-Suite" title="com.automationexerciseTestCases.TC_14_PlaceOrderCheckOutRegister" class="method navigator-link" hash-for-method="placeorder">placeorder</a> <!-- method navigator-link -->
                      </span>
                      <br/>
                      <span>
                        <img src="passed.png" width="3%"/>
                        <a href="#" panel-name="suite-Suite" title="com.automationexerciseTestCases.TC_15_PlaceOrderRegisterBeforeCheckout" class="method navigator-link" hash-for-method="registerbeforececkout">registerbeforececkout</a> <!-- method navigator-link -->
                      </span>
                      <br/>
                      <span>
                        <img src="passed.png" width="3%"/>
                        <a href="#" panel-name="suite-Suite" title="com.automationexerciseTestCases.TC_05_RegisterExistingUser" class="method navigator-link" hash-for-method="registerexistinguser">registerexistinguser</a> <!-- method navigator-link -->
                      </span>
                      <br/>
                      <span>
                        <img src="passed.png" width="3%"/>
                        <a href="#" panel-name="suite-Suite" title="com.automationexerciseTestCases.TC_17_RemoveProductFromCart" class="method navigator-link" hash-for-method="removeproducfromcart">removeproducfromcart</a> <!-- method navigator-link -->
                      </span>
                      <br/>
                      <span>
                        <img src="passed.png" width="3%"/>
                        <a href="#" panel-name="suite-Suite" title="com.automationexerciseTestCases.TC_26_ScrollUpWithoutArrowButton" class="method navigator-link" hash-for-method="scrollupanddown">scrollupanddown</a> <!-- method navigator-link -->
                      </span>
                      <br/>
                      <span>
                        <img src="passed.png" width="3%"/>
                        <a href="#" panel-name="suite-Suite" title="com.automationexerciseTestCases.TC_25_ScrollUpUsingArrowButton" class="method navigator-link" hash-for-method="scrollupanddownfunctionality">scrollupanddownfunctionality</a> <!-- method navigator-link -->
                      </span>
                      <br/>
                      <span>
                        <img src="passed.png" width="3%"/>
                        <a href="#" panel-name="suite-Suite" title="com.automationexerciseTestCases.TC_10_Subscription" class="method navigator-link" hash-for-method="subscription">subscription</a> <!-- method navigator-link -->
                      </span>
                      <br/>
                      <span>
                        <img src="passed.png" width="3%"/>
                        <a href="#" panel-name="suite-Suite" title="com.automationexerciseTestCases.TC_11_VerifySubscriptionInCartPage" class="method navigator-link" hash-for-method="subscriptionincartpage">subscriptionincartpage</a> <!-- method navigator-link -->
                      </span>
                      <br/>
                      <span>
                        <img src="passed.png" width="3%"/>
                        <a href="#" panel-name="suite-Suite" title="com.automationexerciseTestCases.TC_23_VerifyAddressDetailsInCheckoutPage" class="method navigator-link" hash-for-method="verifyaddressdetailsincheckoutpage">verifyaddressdetailsincheckoutpage</a> <!-- method navigator-link -->
                      </span>
                      <br/>
                    </div> <!-- method-list-content passed suite-Suite -->
                  </li>
                </ul>
              </div> <!-- suite-section-content -->
            </div> <!-- result-section -->
          </div> <!-- navigator-suite-content -->
        </div> <!-- rounded-window -->
      </div> <!-- suite -->
    </div> <!-- navigator-root -->
    <div class="wrapper">
      <div class="main-panel-root">
        <div panel-name="suite-Suite" class="panel Suite">
          <div class="suite-Suite-class-failed">
            <div class="main-panel-header rounded-window-top">
              <img src="failed.png"/>
              <span class="class-name">com.automationexerciseTestCases.TC_09_SearchProduct</span>
            </div> <!-- main-panel-header rounded-window-top -->
            <div class="main-panel-content rounded-window-bottom">
              <div class="method">
                <div class="method-content">
                  <a name="searchproduct">
                  </a> <!-- searchproduct -->
                  <span class="method-name">searchproduct</span>
                  <div class="stack-trace">java.lang.AssertionError: expected [true] but found [false]
	at com.automationexerciseTestCases.TC_09_SearchProduct.searchproduct(TC_09_SearchProduct.java:40)
	at java.base/java.util.ArrayList.forEach(ArrayList.java:1511)
... Removed 31 stack frames
</div> <!-- stack-trace -->
                </div> <!-- method-content -->
              </div> <!-- method -->
            </div> <!-- main-panel-content rounded-window-bottom -->
          </div> <!-- suite-Suite-class-failed -->
          <div class="suite-Suite-class-failed">
            <div class="main-panel-header rounded-window-top">
              <img src="failed.png"/>
              <span class="class-name">com.automationexerciseTestCases.TC_20_SearchProductAndVerifyCartAfterLogin</span>
            </div> <!-- main-panel-header rounded-window-top -->
            <div class="main-panel-content rounded-window-bottom">
              <div class="method">
                <div class="method-content">
                  <a name="searchproductandverifycart">
                  </a> <!-- searchproductandverifycart -->
                  <span class="method-name">searchproductandverifycart</span>
                  <div class="stack-trace">org.openqa.selenium.ElementClickInterceptedException: element click intercepted: Element &lt;a data-product-id=&quot;1&quot; class=&quot;btn btn-default add-to-cart&quot;&gt;...&lt;/a&gt; is not clickable at point (602, 679). Other element would receive the click: &lt;iframe id=&quot;aswift_1&quot; name=&quot;aswift_1&quot; style=&quot;width: 1005px !important; height: 124px !important; display: block; margin: 0px auto;&quot; sandbox=&quot;allow-forms allow-popups allow-popups-to-escape-sandbox allow-same-origin allow-scripts allow-top-navigation-by-user-activation&quot; width=&quot;1005&quot; height=&quot;124&quot; frameborder=&quot;0&quot; marginwidth=&quot;0&quot; marginheight=&quot;0&quot; vspace=&quot;0&quot; hspace=&quot;0&quot; allowtransparency=&quot;true&quot; scrolling=&quot;no&quot; src=&quot;https://googleads.g.doubleclick.net/pagead/html/r20240228/r20110914/zrt_lookup_nohtml_fy2021.html#RS-0-&amp;amp;adk=1812271801&amp;amp;client=ca-pub-1677597403311019&amp;amp;fa=1&amp;amp;ifi=2&amp;amp;uci=a!2&amp;amp;btvi=1&quot; data-google-container-id=&quot;a!2&quot; data-google-query-id=&quot;COGbx6_50oQDFXOkrAIdqdsIaQ&quot; data-load-complete=&quot;true&quot;&gt;&lt;/iframe&gt;
  (Session info: MicrosoftEdge=122.0.2365.52)
Build info: version: &apos;4.17.0&apos;, revision: &apos;e52b1be057*&apos;
System info: os.name: &apos;Windows 11&apos;, os.arch: &apos;amd64&apos;, os.version: &apos;10.0&apos;, java.version: &apos;17.0.7&apos;
Driver info: org.openqa.selenium.edge.EdgeDriver
Command: [a3248432a6c8df316f7db22a27acce88, clickElement {id=f.BEAFC1E63FBEBC99C0DFC3C0C34735E7.d.47FAB5401810E88FED62ADDEBFB98DD9.e.85}]
Capabilities {acceptInsecureCerts: false, browserName: MicrosoftEdge, browserVersion: 122.0.2365.52, fedcm:accounts: true, ms:edgeOptions: {debuggerAddress: localhost:50902}, msedge: {msedgedriverVersion: 122.0.2365.52 (dcf246d1e496..., userDataDir: C:\Users\Seema\AppData\Loca...}, networkConnectionEnabled: false, pageLoadStrategy: normal, platformName: windows, proxy: Proxy(), se:cdp: ws://localhost:50902/devtoo..., se:cdpVersion: 122.0.2365.52, setWindowRect: true, strictFileInteractability: false, timeouts: {implicit: 0, pageLoad: 300000, script: 30000}, unhandledPromptBehavior: dismiss and notify, webauthn:extension:credBlob: true, webauthn:extension:largeBlob: true, webauthn:extension:minPinLength: true, webauthn:extension:prf: true, webauthn:virtualAuthenticators: true}
Element: [[EdgeDriver: MicrosoftEdge on windows (a3248432a6c8df316f7db22a27acce88)] -&gt; xpath:  //a[@data-product-id=&apos;1&apos;]]
Session ID: a3248432a6c8df316f7db22a27acce88
	at org.openqa.selenium.remote.codec.w3c.W3CHttpResponseCodec.createException(W3CHttpResponseCodec.java:185)
	at org.openqa.selenium.remote.codec.w3c.W3CHttpResponseCodec.decode(W3CHttpResponseCodec.java:134)
	at org.openqa.selenium.remote.codec.w3c.W3CHttpResponseCodec.decode(W3CHttpResponseCodec.java:51)
	at org.openqa.selenium.remote.HttpCommandExecutor.execute(HttpCommandExecutor.java:190)
	at org.openqa.selenium.remote.service.DriverCommandExecutor.invokeExecute(DriverCommandExecutor.java:216)
	at org.openqa.selenium.remote.service.DriverCommandExecutor.execute(DriverCommandExecutor.java:174)
	at org.openqa.selenium.remote.RemoteWebDriver.execute(RemoteWebDriver.java:519)
	at org.openqa.selenium.remote.RemoteWebElement.execute(RemoteWebElement.java:223)
	at org.openqa.selenium.remote.RemoteWebElement.click(RemoteWebElement.java:76)
	at com.automationexerciseTestCases.TC_20_SearchProductAndVerifyCartAfterLogin.searchproductandverifycart(TC_20_SearchProductAndVerifyCartAfterLogin.java:75)
	at java.base/java.util.ArrayList.forEach(ArrayList.java:1511)
... Removed 32 stack frames
</div> <!-- stack-trace -->
                </div> <!-- method-content -->
              </div> <!-- method -->
            </div> <!-- main-panel-content rounded-window-bottom -->
          </div> <!-- suite-Suite-class-failed -->
          <div class="suite-Suite-class-failed">
            <div class="main-panel-header rounded-window-top">
              <img src="failed.png"/>
              <span class="class-name">com.automationexerciseTestCases.TC_04_LogoutUser</span>
            </div> <!-- main-panel-header rounded-window-top -->
            <div class="main-panel-content rounded-window-bottom">
              <div class="method">
                <div class="method-content">
                  <a name="logoutuser">
                  </a> <!-- logoutuser -->
                  <span class="method-name">logoutuser</span>
                  <div class="stack-trace">org.openqa.selenium.NoSuchElementException: no such element: Unable to locate element: {&quot;method&quot;:&quot;xpath&quot;,&quot;selector&quot;:&quot;//*[@id=&quot;header&quot;]/div/div/div/div[2]/div/ul/li[10]/a/b&quot;}
  (Session info: MicrosoftEdge=122.0.2365.52)
For documentation on this error, please visit: https://www.selenium.dev/documentation/webdriver/troubleshooting/errors#no-such-element-exception
Build info: version: &apos;4.17.0&apos;, revision: &apos;e52b1be057*&apos;
System info: os.name: &apos;Windows 11&apos;, os.arch: &apos;amd64&apos;, os.version: &apos;10.0&apos;, java.version: &apos;17.0.7&apos;
Driver info: org.openqa.selenium.edge.EdgeDriver
Command: [6e7331bb5ce2bc33247655181c1178fa, findElement {value=//*[@id=&quot;header&quot;]/div/div/div/div[2]/div/ul/li[10]/a/b, using=xpath}]
Capabilities {acceptInsecureCerts: false, browserName: MicrosoftEdge, browserVersion: 122.0.2365.52, fedcm:accounts: true, ms:edgeOptions: {debuggerAddress: localhost:49695}, msedge: {msedgedriverVersion: 122.0.2365.52 (dcf246d1e496..., userDataDir: C:\Users\Seema\AppData\Loca...}, networkConnectionEnabled: false, pageLoadStrategy: normal, platformName: windows, proxy: Proxy(), se:cdp: ws://localhost:49695/devtoo..., se:cdpVersion: 122.0.2365.52, setWindowRect: true, strictFileInteractability: false, timeouts: {implicit: 0, pageLoad: 300000, script: 30000}, unhandledPromptBehavior: dismiss and notify, webauthn:extension:credBlob: true, webauthn:extension:largeBlob: true, webauthn:extension:minPinLength: true, webauthn:extension:prf: true, webauthn:virtualAuthenticators: true}
Session ID: 6e7331bb5ce2bc33247655181c1178fa
	at org.openqa.selenium.remote.codec.w3c.W3CHttpResponseCodec.createException(W3CHttpResponseCodec.java:185)
	at org.openqa.selenium.remote.codec.w3c.W3CHttpResponseCodec.decode(W3CHttpResponseCodec.java:134)
	at org.openqa.selenium.remote.codec.w3c.W3CHttpResponseCodec.decode(W3CHttpResponseCodec.java:51)
	at org.openqa.selenium.remote.HttpCommandExecutor.execute(HttpCommandExecutor.java:190)
	at org.openqa.selenium.remote.service.DriverCommandExecutor.invokeExecute(DriverCommandExecutor.java:216)
	at org.openqa.selenium.remote.service.DriverCommandExecutor.execute(DriverCommandExecutor.java:174)
	at org.openqa.selenium.remote.RemoteWebDriver.execute(RemoteWebDriver.java:519)
	at org.openqa.selenium.remote.ElementLocation$ElementFinder$2.findElement(ElementLocation.java:165)
	at org.openqa.selenium.remote.ElementLocation.findElement(ElementLocation.java:59)
	at org.openqa.selenium.remote.RemoteWebDriver.findElement(RemoteWebDriver.java:356)
	at org.openqa.selenium.remote.RemoteWebDriver.findElement(RemoteWebDriver.java:350)
	at com.automationexerciseTestCases.TC_04_LogoutUser.logoutuser(TC_04_LogoutUser.java:60)
	at java.base/java.util.ArrayList.forEach(ArrayList.java:1511)
... Removed 32 stack frames
</div> <!-- stack-trace -->
                </div> <!-- method-content -->
              </div> <!-- method -->
            </div> <!-- main-panel-content rounded-window-bottom -->
          </div> <!-- suite-Suite-class-failed -->
          <div class="suite-Suite-class-failed">
            <div class="main-panel-header rounded-window-top">
              <img src="failed.png"/>
              <span class="class-name">com.automationexerciseTestCases.TC_02_RegisterUser</span>
            </div> <!-- main-panel-header rounded-window-top -->
            <div class="main-panel-content rounded-window-bottom">
              <div class="method">
                <div class="method-content">
                  <a name="registertest">
                  </a> <!-- registertest -->
                  <span class="method-name">registertest</span>
                  <div class="stack-trace">org.openqa.selenium.NoSuchElementException: no such element: Unable to locate element: {&quot;method&quot;:&quot;xpath&quot;,&quot;selector&quot;:&quot;//a[@data-qa=&apos;continue-button&apos;]&quot;}
  (Session info: MicrosoftEdge=122.0.2365.52)
For documentation on this error, please visit: https://www.selenium.dev/documentation/webdriver/troubleshooting/errors#no-such-element-exception
Build info: version: &apos;4.17.0&apos;, revision: &apos;e52b1be057*&apos;
System info: os.name: &apos;Windows 11&apos;, os.arch: &apos;amd64&apos;, os.version: &apos;10.0&apos;, java.version: &apos;17.0.7&apos;
Driver info: org.openqa.selenium.edge.EdgeDriver
Command: [d0dd0d6b70cb4824ca66065ebe2a805e, findElement {value=//a[@data-qa=&apos;continue-button&apos;], using=xpath}]
Capabilities {acceptInsecureCerts: false, browserName: MicrosoftEdge, browserVersion: 122.0.2365.52, fedcm:accounts: true, ms:edgeOptions: {debuggerAddress: localhost:49293}, msedge: {msedgedriverVersion: 122.0.2365.52 (dcf246d1e496..., userDataDir: C:\Users\Seema\AppData\Loca...}, networkConnectionEnabled: false, pageLoadStrategy: normal, platformName: windows, proxy: Proxy(), se:cdp: ws://localhost:49293/devtoo..., se:cdpVersion: 122.0.2365.52, setWindowRect: true, strictFileInteractability: false, timeouts: {implicit: 0, pageLoad: 300000, script: 30000}, unhandledPromptBehavior: dismiss and notify, webauthn:extension:credBlob: true, webauthn:extension:largeBlob: true, webauthn:extension:minPinLength: true, webauthn:extension:prf: true, webauthn:virtualAuthenticators: true}
Session ID: d0dd0d6b70cb4824ca66065ebe2a805e
	at org.openqa.selenium.remote.codec.w3c.W3CHttpResponseCodec.createException(W3CHttpResponseCodec.java:185)
	at org.openqa.selenium.remote.codec.w3c.W3CHttpResponseCodec.decode(W3CHttpResponseCodec.java:134)
	at org.openqa.selenium.remote.codec.w3c.W3CHttpResponseCodec.decode(W3CHttpResponseCodec.java:51)
	at org.openqa.selenium.remote.HttpCommandExecutor.execute(HttpCommandExecutor.java:190)
	at org.openqa.selenium.remote.service.DriverCommandExecutor.invokeExecute(DriverCommandExecutor.java:216)
	at org.openqa.selenium.remote.service.DriverCommandExecutor.execute(DriverCommandExecutor.java:174)
	at org.openqa.selenium.remote.RemoteWebDriver.execute(RemoteWebDriver.java:519)
	at org.openqa.selenium.remote.ElementLocation$ElementFinder$2.findElement(ElementLocation.java:165)
	at org.openqa.selenium.remote.ElementLocation.findElement(ElementLocation.java:59)
	at org.openqa.selenium.remote.RemoteWebDriver.findElement(RemoteWebDriver.java:356)
	at org.openqa.selenium.remote.RemoteWebDriver.findElement(RemoteWebDriver.java:350)
	at com.automationexerciseTestCases.TC_02_RegisterUser.registertest(TC_02_RegisterUser.java:206)
	at java.base/java.util.ArrayList.forEach(ArrayList.java:1511)
... Removed 32 stack frames
</div> <!-- stack-trace -->
                </div> <!-- method-content -->
              </div> <!-- method -->
            </div> <!-- main-panel-content rounded-window-bottom -->
          </div> <!-- suite-Suite-class-failed -->
          <div class="suite-Suite-class-failed">
            <div class="main-panel-header rounded-window-top">
              <img src="failed.png"/>
              <span class="class-name">com.automationexerciseTestCases.TC_22_AddToCartFromRecommendedItems</span>
            </div> <!-- main-panel-header rounded-window-top -->
            <div class="main-panel-content rounded-window-bottom">
              <div class="method">
                <div class="method-content">
                  <a name="addtocartfromrecommendeditems">
                  </a> <!-- addtocartfromrecommendeditems -->
                  <span class="method-name">addtocartfromrecommendeditems</span>
                  <div class="stack-trace">org.openqa.selenium.ElementClickInterceptedException: element click intercepted: Element &lt;a href=&quot;/view_cart&quot;&gt;...&lt;/a&gt; is not clickable at point (614, 10). Other element would receive the click: &lt;div id=&quot;cartModal&quot; class=&quot;modal show&quot;&gt;...&lt;/div&gt;
  (Session info: MicrosoftEdge=122.0.2365.52)
Build info: version: &apos;4.17.0&apos;, revision: &apos;e52b1be057*&apos;
System info: os.name: &apos;Windows 11&apos;, os.arch: &apos;amd64&apos;, os.version: &apos;10.0&apos;, java.version: &apos;17.0.7&apos;
Driver info: org.openqa.selenium.edge.EdgeDriver
Command: [69483c7d896fa3f8f2bbf84f55b36e1f, clickElement {id=f.1980FC7CC825D0D32FFA6EDCABA08BA9.d.00FB3C6F76F53792841B05376A993270.e.9}]
Capabilities {acceptInsecureCerts: false, browserName: MicrosoftEdge, browserVersion: 122.0.2365.52, fedcm:accounts: true, ms:edgeOptions: {debuggerAddress: localhost:51039}, msedge: {msedgedriverVersion: 122.0.2365.52 (dcf246d1e496..., userDataDir: C:\Users\Seema\AppData\Loca...}, networkConnectionEnabled: false, pageLoadStrategy: normal, platformName: windows, proxy: Proxy(), se:cdp: ws://localhost:51039/devtoo..., se:cdpVersion: 122.0.2365.52, setWindowRect: true, strictFileInteractability: false, timeouts: {implicit: 0, pageLoad: 300000, script: 30000}, unhandledPromptBehavior: dismiss and notify, webauthn:extension:credBlob: true, webauthn:extension:largeBlob: true, webauthn:extension:minPinLength: true, webauthn:extension:prf: true, webauthn:virtualAuthenticators: true}
Element: [[EdgeDriver: MicrosoftEdge on windows (69483c7d896fa3f8f2bbf84f55b36e1f)] -&gt; xpath: //a[@href=&apos;/view_cart&apos;]]
Session ID: 69483c7d896fa3f8f2bbf84f55b36e1f
	at org.openqa.selenium.remote.codec.w3c.W3CHttpResponseCodec.createException(W3CHttpResponseCodec.java:185)
	at org.openqa.selenium.remote.codec.w3c.W3CHttpResponseCodec.decode(W3CHttpResponseCodec.java:134)
	at org.openqa.selenium.remote.codec.w3c.W3CHttpResponseCodec.decode(W3CHttpResponseCodec.java:51)
	at org.openqa.selenium.remote.HttpCommandExecutor.execute(HttpCommandExecutor.java:190)
	at org.openqa.selenium.remote.service.DriverCommandExecutor.invokeExecute(DriverCommandExecutor.java:216)
	at org.openqa.selenium.remote.service.DriverCommandExecutor.execute(DriverCommandExecutor.java:174)
	at org.openqa.selenium.remote.RemoteWebDriver.execute(RemoteWebDriver.java:519)
	at org.openqa.selenium.remote.RemoteWebElement.execute(RemoteWebElement.java:223)
	at org.openqa.selenium.remote.RemoteWebElement.click(RemoteWebElement.java:76)
	at com.automationexerciseTestCases.TC_22_AddToCartFromRecommendedItems.addtocartfromrecommendeditems(TC_22_AddToCartFromRecommendedItems.java:27)
	at java.base/java.util.ArrayList.forEach(ArrayList.java:1511)
... Removed 32 stack frames
</div> <!-- stack-trace -->
                </div> <!-- method-content -->
              </div> <!-- method -->
            </div> <!-- main-panel-content rounded-window-bottom -->
          </div> <!-- suite-Suite-class-failed -->
          <div class="suite-Suite-class-failed">
            <div class="main-panel-header rounded-window-top">
              <img src="failed.png"/>
              <span class="class-name">com.automationexerciseTestCases.TC_21_AddReviewOnProduct</span>
            </div> <!-- main-panel-header rounded-window-top -->
            <div class="main-panel-content rounded-window-bottom">
              <div class="method">
                <div class="method-content">
                  <a name="addreviewonproduct">
                  </a> <!-- addreviewonproduct -->
                  <span class="method-name">addreviewonproduct</span>
                  <div class="stack-trace">java.lang.AssertionError: expected [ALL PRODUCTS] but found [FEATURES ITEMS]
	at com.automationexerciseTestCases.TC_21_AddReviewOnProduct.addreviewonproduct(TC_21_AddReviewOnProduct.java:15)
	at java.base/java.util.ArrayList.forEach(ArrayList.java:1511)
... Removed 33 stack frames
</div> <!-- stack-trace -->
                </div> <!-- method-content -->
              </div> <!-- method -->
            </div> <!-- main-panel-content rounded-window-bottom -->
          </div> <!-- suite-Suite-class-failed -->
          <div class="suite-Suite-class-failed">
            <div class="main-panel-header rounded-window-top">
              <img src="failed.png"/>
              <span class="class-name">com.automationexerciseTestCases.TC_08_VerifyProductDetailPage</span>
            </div> <!-- main-panel-header rounded-window-top -->
            <div class="main-panel-content rounded-window-bottom">
              <div class="method">
                <div class="method-content">
                  <a name="productdetailpage">
                  </a> <!-- productdetailpage -->
                  <span class="method-name">productdetailpage</span>
                  <div class="stack-trace">java.lang.AssertionError: expected [true] but found [false]
	at com.automationexerciseTestCases.TC_08_VerifyProductDetailPage.productdetailpage(TC_08_VerifyProductDetailPage.java:38)
	at java.base/java.util.ArrayList.forEach(ArrayList.java:1511)
... Removed 31 stack frames
</div> <!-- stack-trace -->
                </div> <!-- method-content -->
              </div> <!-- method -->
            </div> <!-- main-panel-content rounded-window-bottom -->
          </div> <!-- suite-Suite-class-failed -->
          <div class="suite-Suite-class-failed">
            <div class="main-panel-header rounded-window-top">
              <img src="failed.png"/>
              <span class="class-name">com.automationexerciseTestCases.TC_13_VerifyProductQuantityInCart</span>
            </div> <!-- main-panel-header rounded-window-top -->
            <div class="main-panel-content rounded-window-bottom">
              <div class="method">
                <div class="method-content">
                  <a name="productquantityincart">
                  </a> <!-- productquantityincart -->
                  <span class="method-name">productquantityincart</span>
                  <div class="stack-trace">org.openqa.selenium.ElementClickInterceptedException: element click intercepted: Element &lt;a href=&quot;/product_details/1&quot; style=&quot;color: brown;&quot;&gt;...&lt;/a&gt; is not clickable at point (450, 640). Other element would receive the click: &lt;iframe id=&quot;aswift_6&quot; name=&quot;aswift_6&quot; style=&quot;width: 100vw !important; height: 100vh !important; inset: 0px auto auto 0px !important; position: absolute !important; clear: none !important; display: inline !important; float: none !important; margin: 0px !important; max-height: none !important; max-width: none !important; opacity: 1 !important; overflow: visible !important; padding: 0px !important; vertical-align: baseline !important; visibility: visible !important; z-index: auto !important;&quot; sandbox=&quot;allow-forms allow-popups allow-popups-to-escape-sandbox allow-same-origin allow-scripts allow-top-navigation-by-user-activation&quot; width=&quot;&quot; height=&quot;&quot; frameborder=&quot;0&quot; marginwidth=&quot;0&quot; marginheight=&quot;0&quot; vspace=&quot;0&quot; hspace=&quot;0&quot; allowtransparency=&quot;true&quot; scrolling=&quot;no&quot; src=&quot;https://googleads.g.doubleclick.net/pagead/html/r20240227/r20110914/zrt_lookup_nohtml_fy2021.html#RS-0-&amp;amp;adk=1812271808&amp;amp;client=ca-pub-1677597403311019&amp;amp;fa=8&amp;amp;ifi=7&amp;amp;uci=a!7&quot; data-google-container-id=&quot;a!7&quot; data-google-query-id=&quot;CLr2p9740oQDFYcJtwAdppwAiQ&quot; data-load-complete=&quot;true&quot;&gt;&lt;/iframe&gt;
  (Session info: MicrosoftEdge=122.0.2365.52)
Build info: version: &apos;4.17.0&apos;, revision: &apos;e52b1be057*&apos;
System info: os.name: &apos;Windows 11&apos;, os.arch: &apos;amd64&apos;, os.version: &apos;10.0&apos;, java.version: &apos;17.0.7&apos;
Driver info: org.openqa.selenium.edge.EdgeDriver
Command: [555985b3814262040d691f998f2bf0d9, clickElement {id=f.B7BD37C09754698E179F4DD7FA2D344D.d.29C7E691106A39C968B4AB0D654CA000.e.30}]
Capabilities {acceptInsecureCerts: false, browserName: MicrosoftEdge, browserVersion: 122.0.2365.52, fedcm:accounts: true, ms:edgeOptions: {debuggerAddress: localhost:50306}, msedge: {msedgedriverVersion: 122.0.2365.52 (dcf246d1e496..., userDataDir: C:\Users\Seema\AppData\Loca...}, networkConnectionEnabled: false, pageLoadStrategy: normal, platformName: windows, proxy: Proxy(), se:cdp: ws://localhost:50306/devtoo..., se:cdpVersion: 122.0.2365.52, setWindowRect: true, strictFileInteractability: false, timeouts: {implicit: 0, pageLoad: 300000, script: 30000}, unhandledPromptBehavior: dismiss and notify, webauthn:extension:credBlob: true, webauthn:extension:largeBlob: true, webauthn:extension:minPinLength: true, webauthn:extension:prf: true, webauthn:virtualAuthenticators: true}
Element: [[EdgeDriver: MicrosoftEdge on windows (555985b3814262040d691f998f2bf0d9)] -&gt; xpath: //a[@href=&apos;/product_details/1&apos;]]
Session ID: 555985b3814262040d691f998f2bf0d9
	at org.openqa.selenium.remote.codec.w3c.W3CHttpResponseCodec.createException(W3CHttpResponseCodec.java:185)
	at org.openqa.selenium.remote.codec.w3c.W3CHttpResponseCodec.decode(W3CHttpResponseCodec.java:134)
	at org.openqa.selenium.remote.codec.w3c.W3CHttpResponseCodec.decode(W3CHttpResponseCodec.java:51)
	at org.openqa.selenium.remote.HttpCommandExecutor.execute(HttpCommandExecutor.java:190)
	at org.openqa.selenium.remote.service.DriverCommandExecutor.invokeExecute(DriverCommandExecutor.java:216)
	at org.openqa.selenium.remote.service.DriverCommandExecutor.execute(DriverCommandExecutor.java:174)
	at org.openqa.selenium.remote.RemoteWebDriver.execute(RemoteWebDriver.java:519)
	at org.openqa.selenium.remote.RemoteWebElement.execute(RemoteWebElement.java:223)
	at org.openqa.selenium.remote.RemoteWebElement.click(RemoteWebElement.java:76)
	at com.automationexerciseTestCases.TC_13_VerifyProductQuantityInCart.productquantityincart(TC_13_VerifyProductQuantityInCart.java:19)
	at java.base/java.util.ArrayList.forEach(ArrayList.java:1511)
... Removed 32 stack frames
</div> <!-- stack-trace -->
                </div> <!-- method-content -->
              </div> <!-- method -->
            </div> <!-- main-panel-content rounded-window-bottom -->
          </div> <!-- suite-Suite-class-failed -->
          <div class="suite-Suite-class-failed">
            <div class="main-panel-header rounded-window-top">
              <img src="failed.png"/>
              <span class="class-name">com.automationexerciseTestCases.TC_16_PlaceOrderLoginBeforeCheckOut</span>
            </div> <!-- main-panel-header rounded-window-top -->
            <div class="main-panel-content rounded-window-bottom">
              <div class="method">
                <div class="method-content">
                  <a name="loginbeforecheckout">
                  </a> <!-- loginbeforecheckout -->
                  <span class="method-name">loginbeforecheckout</span>
                  <div class="stack-trace">org.openqa.selenium.NoSuchElementException: no such element: Unable to locate element: {&quot;method&quot;:&quot;xpath&quot;,&quot;selector&quot;:&quot;//*[@id=&quot;header&quot;]/div/div/div/div[2]/div/ul/li[10]/a/b&quot;}
  (Session info: MicrosoftEdge=122.0.2365.52)
For documentation on this error, please visit: https://www.selenium.dev/documentation/webdriver/troubleshooting/errors#no-such-element-exception
Build info: version: &apos;4.17.0&apos;, revision: &apos;e52b1be057*&apos;
System info: os.name: &apos;Windows 11&apos;, os.arch: &apos;amd64&apos;, os.version: &apos;10.0&apos;, java.version: &apos;17.0.7&apos;
Driver info: org.openqa.selenium.edge.EdgeDriver
Command: [be66e9abf58eed1c0452e5cc40fc3c35, findElement {value=//*[@id=&quot;header&quot;]/div/div/div/div[2]/div/ul/li[10]/a/b, using=xpath}]
Capabilities {acceptInsecureCerts: false, browserName: MicrosoftEdge, browserVersion: 122.0.2365.52, fedcm:accounts: true, ms:edgeOptions: {debuggerAddress: localhost:50626}, msedge: {msedgedriverVersion: 122.0.2365.52 (dcf246d1e496..., userDataDir: C:\Users\Seema\AppData\Loca...}, networkConnectionEnabled: false, pageLoadStrategy: normal, platformName: windows, proxy: Proxy(), se:cdp: ws://localhost:50626/devtoo..., se:cdpVersion: 122.0.2365.52, setWindowRect: true, strictFileInteractability: false, timeouts: {implicit: 0, pageLoad: 300000, script: 30000}, unhandledPromptBehavior: dismiss and notify, webauthn:extension:credBlob: true, webauthn:extension:largeBlob: true, webauthn:extension:minPinLength: true, webauthn:extension:prf: true, webauthn:virtualAuthenticators: true}
Session ID: be66e9abf58eed1c0452e5cc40fc3c35
	at org.openqa.selenium.remote.codec.w3c.W3CHttpResponseCodec.createException(W3CHttpResponseCodec.java:185)
	at org.openqa.selenium.remote.codec.w3c.W3CHttpResponseCodec.decode(W3CHttpResponseCodec.java:134)
	at org.openqa.selenium.remote.codec.w3c.W3CHttpResponseCodec.decode(W3CHttpResponseCodec.java:51)
	at org.openqa.selenium.remote.HttpCommandExecutor.execute(HttpCommandExecutor.java:190)
	at org.openqa.selenium.remote.service.DriverCommandExecutor.invokeExecute(DriverCommandExecutor.java:216)
	at org.openqa.selenium.remote.service.DriverCommandExecutor.execute(DriverCommandExecutor.java:174)
	at org.openqa.selenium.remote.RemoteWebDriver.execute(RemoteWebDriver.java:519)
	at org.openqa.selenium.remote.ElementLocation$ElementFinder$2.findElement(ElementLocation.java:165)
	at org.openqa.selenium.remote.ElementLocation.findElement(ElementLocation.java:59)
	at org.openqa.selenium.remote.RemoteWebDriver.findElement(RemoteWebDriver.java:356)
	at org.openqa.selenium.remote.RemoteWebDriver.findElement(RemoteWebDriver.java:350)
	at com.automationexerciseTestCases.TC_16_PlaceOrderLoginBeforeCheckOut.loginbeforecheckout(TC_16_PlaceOrderLoginBeforeCheckOut.java:60)
	at java.base/java.util.ArrayList.forEach(ArrayList.java:1511)
... Removed 32 stack frames
</div> <!-- stack-trace -->
                </div> <!-- method-content -->
              </div> <!-- method -->
            </div> <!-- main-panel-content rounded-window-bottom -->
          </div> <!-- suite-Suite-class-failed -->
          <div class="suite-Suite-class-failed">
            <div class="main-panel-header rounded-window-top">
              <img src="failed.png"/>
              <span class="class-name">com.automationexerciseTestCases.TC_07_VerifyTestcasePage</span>
            </div> <!-- main-panel-header rounded-window-top -->
            <div class="main-panel-content rounded-window-bottom">
              <div class="method">
                <div class="method-content">
                  <a name="testcasepage">
                  </a> <!-- testcasepage -->
                  <span class="method-name">testcasepage</span>
                  <div class="stack-trace">org.openqa.selenium.NoSuchElementException: no such element: Unable to locate element: {&quot;method&quot;:&quot;xpath&quot;,&quot;selector&quot;:&quot;//*[@id=&quot;form&quot;]/div/div[1]/div/h2/b&quot;}
  (Session info: MicrosoftEdge=122.0.2365.52)
For documentation on this error, please visit: https://www.selenium.dev/documentation/webdriver/troubleshooting/errors#no-such-element-exception
Build info: version: &apos;4.17.0&apos;, revision: &apos;e52b1be057*&apos;
System info: os.name: &apos;Windows 11&apos;, os.arch: &apos;amd64&apos;, os.version: &apos;10.0&apos;, java.version: &apos;17.0.7&apos;
Driver info: org.openqa.selenium.edge.EdgeDriver
Command: [62a3f936eb0a27d8fcac7ff9d10100b6, findElement {value=//*[@id=&quot;form&quot;]/div/div[1]/div/h2/b, using=xpath}]
Capabilities {acceptInsecureCerts: false, browserName: MicrosoftEdge, browserVersion: 122.0.2365.52, fedcm:accounts: true, ms:edgeOptions: {debuggerAddress: localhost:49897}, msedge: {msedgedriverVersion: 122.0.2365.52 (dcf246d1e496..., userDataDir: C:\Users\Seema\AppData\Loca...}, networkConnectionEnabled: false, pageLoadStrategy: normal, platformName: windows, proxy: Proxy(), se:cdp: ws://localhost:49897/devtoo..., se:cdpVersion: 122.0.2365.52, setWindowRect: true, strictFileInteractability: false, timeouts: {implicit: 0, pageLoad: 300000, script: 30000}, unhandledPromptBehavior: dismiss and notify, webauthn:extension:credBlob: true, webauthn:extension:largeBlob: true, webauthn:extension:minPinLength: true, webauthn:extension:prf: true, webauthn:virtualAuthenticators: true}
Session ID: 62a3f936eb0a27d8fcac7ff9d10100b6
	at org.openqa.selenium.remote.codec.w3c.W3CHttpResponseCodec.createException(W3CHttpResponseCodec.java:185)
	at org.openqa.selenium.remote.codec.w3c.W3CHttpResponseCodec.decode(W3CHttpResponseCodec.java:134)
	at org.openqa.selenium.remote.codec.w3c.W3CHttpResponseCodec.decode(W3CHttpResponseCodec.java:51)
	at org.openqa.selenium.remote.HttpCommandExecutor.execute(HttpCommandExecutor.java:190)
	at org.openqa.selenium.remote.service.DriverCommandExecutor.invokeExecute(DriverCommandExecutor.java:216)
	at org.openqa.selenium.remote.service.DriverCommandExecutor.execute(DriverCommandExecutor.java:174)
	at org.openqa.selenium.remote.RemoteWebDriver.execute(RemoteWebDriver.java:519)
	at org.openqa.selenium.remote.ElementLocation$ElementFinder$2.findElement(ElementLocation.java:165)
	at org.openqa.selenium.remote.ElementLocation.findElement(ElementLocation.java:59)
	at org.openqa.selenium.remote.RemoteWebDriver.findElement(RemoteWebDriver.java:356)
	at org.openqa.selenium.remote.RemoteWebDriver.findElement(RemoteWebDriver.java:350)
	at com.automationexerciseTestCases.TC_07_VerifyTestcasePage.testcasepage(TC_07_VerifyTestcasePage.java:32)
	at java.base/java.util.ArrayList.forEach(ArrayList.java:1511)
... Removed 32 stack frames
</div> <!-- stack-trace -->
                </div> <!-- method-content -->
              </div> <!-- method -->
            </div> <!-- main-panel-content rounded-window-bottom -->
          </div> <!-- suite-Suite-class-failed -->
          <div class="suite-Suite-class-failed">
            <div class="main-panel-header rounded-window-top">
              <img src="failed.png"/>
              <span class="class-name">com.automationexerciseTestCases.TC_06_ContactUsForm</span>
            </div> <!-- main-panel-header rounded-window-top -->
            <div class="main-panel-content rounded-window-bottom">
              <div class="method">
                <div class="method-content">
                  <a name="contactus">
                  </a> <!-- contactus -->
                  <span class="method-name">contactus</span>
                  <div class="stack-trace">java.lang.AssertionError
	at org.junit.Assert.fail(Assert.java:86)
	at org.junit.Assert.assertTrue(Assert.java:41)
	at org.junit.Assert.assertTrue(Assert.java:52)
	at com.automationexerciseTestCases.TC_06_ContactUsForm.contactus(TC_06_ContactUsForm.java:120)
	at java.base/java.util.ArrayList.forEach(ArrayList.java:1511)
... Removed 27 stack frames
</div> <!-- stack-trace -->
                </div> <!-- method-content -->
              </div> <!-- method -->
            </div> <!-- main-panel-content rounded-window-bottom -->
          </div> <!-- suite-Suite-class-failed -->
          <div class="suite-Suite-class-passed">
            <div class="main-panel-header rounded-window-top">
              <img src="passed.png"/>
              <span class="class-name">com.automationexerciseTestCases.TC_10_Subscription</span>
            </div> <!-- main-panel-header rounded-window-top -->
            <div class="main-panel-content rounded-window-bottom">
              <div class="method">
                <div class="method-content">
                  <a name="subscription">
                  </a> <!-- subscription -->
                  <span class="method-name">subscription</span>
                </div> <!-- method-content -->
              </div> <!-- method -->
            </div> <!-- main-panel-content rounded-window-bottom -->
          </div> <!-- suite-Suite-class-passed -->
          <div class="suite-Suite-class-passed">
            <div class="main-panel-header rounded-window-top">
              <img src="passed.png"/>
              <span class="class-name">com.automationexerciseTestCases.TC_12_AddProductInCart</span>
            </div> <!-- main-panel-header rounded-window-top -->
            <div class="main-panel-content rounded-window-bottom">
              <div class="method">
                <div class="method-content">
                  <a name="addproductincart">
                  </a> <!-- addproductincart -->
                  <span class="method-name">addproductincart</span>
                </div> <!-- method-content -->
              </div> <!-- method -->
            </div> <!-- main-panel-content rounded-window-bottom -->
          </div> <!-- suite-Suite-class-passed -->
          <div class="suite-Suite-class-passed">
            <div class="main-panel-header rounded-window-top">
              <img src="passed.png"/>
              <span class="class-name">com.automationexerciseTestCases.TC_26_ScrollUpWithoutArrowButton</span>
            </div> <!-- main-panel-header rounded-window-top -->
            <div class="main-panel-content rounded-window-bottom">
              <div class="method">
                <div class="method-content">
                  <a name="scrollupanddown">
                  </a> <!-- scrollupanddown -->
                  <span class="method-name">scrollupanddown</span>
                </div> <!-- method-content -->
              </div> <!-- method -->
            </div> <!-- main-panel-content rounded-window-bottom -->
          </div> <!-- suite-Suite-class-passed -->
          <div class="suite-Suite-class-passed">
            <div class="main-panel-header rounded-window-top">
              <img src="passed.png"/>
              <span class="class-name">com.automationexerciseTestCases.TC_11_VerifySubscriptionInCartPage</span>
            </div> <!-- main-panel-header rounded-window-top -->
            <div class="main-panel-content rounded-window-bottom">
              <div class="method">
                <div class="method-content">
                  <a name="subscriptionincartpage">
                  </a> <!-- subscriptionincartpage -->
                  <span class="method-name">subscriptionincartpage</span>
                </div> <!-- method-content -->
              </div> <!-- method -->
            </div> <!-- main-panel-content rounded-window-bottom -->
          </div> <!-- suite-Suite-class-passed -->
          <div class="suite-Suite-class-passed">
            <div class="main-panel-header rounded-window-top">
              <img src="passed.png"/>
              <span class="class-name">com.automationexerciseTestCases.TC_19_CartBrandProduct</span>
            </div> <!-- main-panel-header rounded-window-top -->
            <div class="main-panel-content rounded-window-bottom">
              <div class="method">
                <div class="method-content">
                  <a name="cartbrandproduct">
                  </a> <!-- cartbrandproduct -->
                  <span class="method-name">cartbrandproduct</span>
                </div> <!-- method-content -->
              </div> <!-- method -->
            </div> <!-- main-panel-content rounded-window-bottom -->
          </div> <!-- suite-Suite-class-passed -->
          <div class="suite-Suite-class-passed">
            <div class="main-panel-header rounded-window-top">
              <img src="passed.png"/>
              <span class="class-name">com.automationexerciseTestCases.TC_15_PlaceOrderRegisterBeforeCheckout</span>
            </div> <!-- main-panel-header rounded-window-top -->
            <div class="main-panel-content rounded-window-bottom">
              <div class="method">
                <div class="method-content">
                  <a name="registerbeforececkout">
                  </a> <!-- registerbeforececkout -->
                  <span class="method-name">registerbeforececkout</span>
                </div> <!-- method-content -->
              </div> <!-- method -->
            </div> <!-- main-panel-content rounded-window-bottom -->
          </div> <!-- suite-Suite-class-passed -->
          <div class="suite-Suite-class-passed">
            <div class="main-panel-header rounded-window-top">
              <img src="passed.png"/>
              <span class="class-name">com.automationexerciseTestCases.TC_03_IncorrectLogin</span>
            </div> <!-- main-panel-header rounded-window-top -->
            <div class="main-panel-content rounded-window-bottom">
              <div class="method">
                <div class="method-content">
                  <a name="loginwithincorrectdata">
                  </a> <!-- loginwithincorrectdata -->
                  <span class="method-name">loginwithincorrectdata</span>
                </div> <!-- method-content -->
              </div> <!-- method -->
            </div> <!-- main-panel-content rounded-window-bottom -->
          </div> <!-- suite-Suite-class-passed -->
          <div class="suite-Suite-class-passed">
            <div class="main-panel-header rounded-window-top">
              <img src="passed.png"/>
              <span class="class-name">com.automationexerciseTestCases.TC_23_VerifyAddressDetailsInCheckoutPage</span>
            </div> <!-- main-panel-header rounded-window-top -->
            <div class="main-panel-content rounded-window-bottom">
              <div class="method">
                <div class="method-content">
                  <a name="verifyaddressdetailsincheckoutpage">
                  </a> <!-- verifyaddressdetailsincheckoutpage -->
                  <span class="method-name">verifyaddressdetailsincheckoutpage</span>
                </div> <!-- method-content -->
              </div> <!-- method -->
            </div> <!-- main-panel-content rounded-window-bottom -->
          </div> <!-- suite-Suite-class-passed -->
          <div class="suite-Suite-class-passed">
            <div class="main-panel-header rounded-window-top">
              <img src="passed.png"/>
              <span class="class-name">com.automationexerciseTestCases.TC_17_RemoveProductFromCart</span>
            </div> <!-- main-panel-header rounded-window-top -->
            <div class="main-panel-content rounded-window-bottom">
              <div class="method">
                <div class="method-content">
                  <a name="removeproducfromcart">
                  </a> <!-- removeproducfromcart -->
                  <span class="method-name">removeproducfromcart</span>
                </div> <!-- method-content -->
              </div> <!-- method -->
            </div> <!-- main-panel-content rounded-window-bottom -->
          </div> <!-- suite-Suite-class-passed -->
          <div class="suite-Suite-class-passed">
            <div class="main-panel-header rounded-window-top">
              <img src="passed.png"/>
              <span class="class-name">com.automationexerciseTestCases.TC_05_RegisterExistingUser</span>
            </div> <!-- main-panel-header rounded-window-top -->
            <div class="main-panel-content rounded-window-bottom">
              <div class="method">
                <div class="method-content">
                  <a name="registerexistinguser">
                  </a> <!-- registerexistinguser -->
                  <span class="method-name">registerexistinguser</span>
                </div> <!-- method-content -->
              </div> <!-- method -->
            </div> <!-- main-panel-content rounded-window-bottom -->
          </div> <!-- suite-Suite-class-passed -->
          <div class="suite-Suite-class-passed">
            <div class="main-panel-header rounded-window-top">
              <img src="passed.png"/>
              <span class="class-name">com.automationexerciseTestCases.TC_24_DownloadInvoiceAfterPurchaseOrder</span>
            </div> <!-- main-panel-header rounded-window-top -->
            <div class="main-panel-content rounded-window-bottom">
              <div class="method">
                <div class="method-content">
                  <a name="downloadinvoice">
                  </a> <!-- downloadinvoice -->
                  <span class="method-name">downloadinvoice</span>
                </div> <!-- method-content -->
              </div> <!-- method -->
            </div> <!-- main-panel-content rounded-window-bottom -->
          </div> <!-- suite-Suite-class-passed -->
          <div class="suite-Suite-class-passed">
            <div class="main-panel-header rounded-window-top">
              <img src="passed.png"/>
              <span class="class-name">com.automationexerciseTestCases.TC_25_ScrollUpUsingArrowButton</span>
            </div> <!-- main-panel-header rounded-window-top -->
            <div class="main-panel-content rounded-window-bottom">
              <div class="method">
                <div class="method-content">
                  <a name="scrollupanddownfunctionality">
                  </a> <!-- scrollupanddownfunctionality -->
                  <span class="method-name">scrollupanddownfunctionality</span>
                </div> <!-- method-content -->
              </div> <!-- method -->
            </div> <!-- main-panel-content rounded-window-bottom -->
          </div> <!-- suite-Suite-class-passed -->
          <div class="suite-Suite-class-passed">
            <div class="main-panel-header rounded-window-top">
              <img src="passed.png"/>
              <span class="class-name">com.automationexerciseTestCases.TC_14_PlaceOrderCheckOutRegister</span>
            </div> <!-- main-panel-header rounded-window-top -->
            <div class="main-panel-content rounded-window-bottom">
              <div class="method">
                <div class="method-content">
                  <a name="placeorder">
                  </a> <!-- placeorder -->
                  <span class="method-name">placeorder</span>
                </div> <!-- method-content -->
              </div> <!-- method -->
            </div> <!-- main-panel-content rounded-window-bottom -->
          </div> <!-- suite-Suite-class-passed -->
          <div class="suite-Suite-class-passed">
            <div class="main-panel-header rounded-window-top">
              <img src="passed.png"/>
              <span class="class-name">com.automationexerciseTestCases.TC_18_ViewCategoryProduct</span>
            </div> <!-- main-panel-header rounded-window-top -->
            <div class="main-panel-content rounded-window-bottom">
              <div class="method">
                <div class="method-content">
                  <a name="categoryproduct">
                  </a> <!-- categoryproduct -->
                  <span class="method-name">categoryproduct</span>
                </div> <!-- method-content -->
              </div> <!-- method -->
            </div> <!-- main-panel-content rounded-window-bottom -->
          </div> <!-- suite-Suite-class-passed -->
          <div class="suite-Suite-class-passed">
            <div class="main-panel-header rounded-window-top">
              <img src="passed.png"/>
              <span class="class-name">com.automationexerciseTestCases.TC_01_LoginTest</span>
            </div> <!-- main-panel-header rounded-window-top -->
            <div class="main-panel-content rounded-window-bottom">
              <div class="method">
                <div class="method-content">
                  <a name="logintest">
                  </a> <!-- logintest -->
                  <span class="method-name">logintest</span>
                </div> <!-- method-content -->
              </div> <!-- method -->
            </div> <!-- main-panel-content rounded-window-bottom -->
          </div> <!-- suite-Suite-class-passed -->
        </div> <!-- panel Suite -->
        <div panel-name="test-xml-Suite" class="panel">
          <div class="main-panel-header rounded-window-top">
            <span class="header-content">C:\Users\Seema\eclipse-workspace\AutomationExercise\testng.xml</span>
          </div> <!-- main-panel-header rounded-window-top -->
          <div class="main-panel-content rounded-window-bottom">
            <pre>
&lt;?xml version=&quot;1.0&quot; encoding=&quot;UTF-8&quot;?&gt;
&lt;!DOCTYPE suite SYSTEM &quot;https://testng.org/testng-1.0.dtd&quot;&gt;
&lt;suite name=&quot;Suite&quot; guice-stage=&quot;DEVELOPMENT&quot;&gt;
  &lt;listeners&gt;
    &lt;listener class-name=&quot;com.automationexerciseUtilities.Reporting&quot;/&gt;
  &lt;/listeners&gt;
  &lt;test thread-count=&quot;5&quot; name=&quot;AutomationExercise&quot;&gt;
    &lt;parameter name=&quot;browser&quot; value=&quot;edge&quot;/&gt;
    &lt;classes&gt;
      &lt;class name=&quot;com.automationexerciseTestCases.BaseClass&quot;/&gt;
      &lt;class name=&quot;com.automationexerciseTestCases.TC_01_LoginTest&quot;/&gt;
      &lt;class name=&quot;com.automationexerciseTestCases.TC_02_RegisterUser&quot;/&gt;
      &lt;class name=&quot;com.automationexerciseTestCases.TC_03_IncorrectLogin&quot;/&gt;
      &lt;class name=&quot;com.automationexerciseTestCases.TC_04_LogoutUser&quot;/&gt;
      &lt;class name=&quot;com.automationexerciseTestCases.TC_05_RegisterExistingUser&quot;/&gt;
      &lt;class name=&quot;com.automationexerciseTestCases.TC_06_ContactUsForm&quot;/&gt;
      &lt;class name=&quot;com.automationexerciseTestCases.TC_07_VerifyTestcasePage&quot;/&gt;
      &lt;class name=&quot;com.automationexerciseTestCases.TC_08_VerifyProductDetailPage&quot;/&gt;
      &lt;class name=&quot;com.automationexerciseTestCases.TC_09_SearchProduct&quot;/&gt;
      &lt;class name=&quot;com.automationexerciseTestCases.TC_10_Subscription&quot;/&gt;
      &lt;class name=&quot;com.automationexerciseTestCases.TC_11_VerifySubscriptionInCartPage&quot;/&gt;
      &lt;class name=&quot;com.automationexerciseTestCases.TC_12_AddProductInCart&quot;/&gt;
      &lt;class name=&quot;com.automationexerciseTestCases.TC_13_VerifyProductQuantityInCart&quot;/&gt;
      &lt;class name=&quot;com.automationexerciseTestCases.TC_14_PlaceOrderCheckOutRegister&quot;/&gt;
      &lt;class name=&quot;com.automationexerciseTestCases.TC_15_PlaceOrderRegisterBeforeCheckout&quot;/&gt;
      &lt;class name=&quot;com.automationexerciseTestCases.TC_16_PlaceOrderLoginBeforeCheckOut&quot;/&gt;
      &lt;class name=&quot;com.automationexerciseTestCases.TC_17_RemoveProductFromCart&quot;/&gt;
      &lt;class name=&quot;com.automationexerciseTestCases.TC_18_ViewCategoryProduct&quot;/&gt;
      &lt;class name=&quot;com.automationexerciseTestCases.TC_19_CartBrandProduct&quot;/&gt;
      &lt;class name=&quot;com.automationexerciseTestCases.TC_20_SearchProductAndVerifyCartAfterLogin&quot;/&gt;
      &lt;class name=&quot;com.automationexerciseTestCases.TC_21_AddReviewOnProduct&quot;/&gt;
      &lt;class name=&quot;com.automationexerciseTestCases.TC_22_AddToCartFromRecommendedItems&quot;/&gt;
      &lt;class name=&quot;com.automationexerciseTestCases.TC_23_VerifyAddressDetailsInCheckoutPage&quot;/&gt;
      &lt;class name=&quot;com.automationexerciseTestCases.TC_24_DownloadInvoiceAfterPurchaseOrder&quot;/&gt;
      &lt;class name=&quot;com.automationexerciseTestCases.TC_25_ScrollUpUsingArrowButton&quot;/&gt;
      &lt;class name=&quot;com.automationexerciseTestCases.TC_26_ScrollUpWithoutArrowButton&quot;/&gt;
    &lt;/classes&gt;
  &lt;/test&gt; &lt;!-- AutomationExercise --&gt;
&lt;/suite&gt; &lt;!-- Suite --&gt;
            </pre>
          </div> <!-- main-panel-content rounded-window-bottom -->
        </div> <!-- panel -->
        <div panel-name="testlist-Suite" class="panel">
          <div class="main-panel-header rounded-window-top">
            <span class="header-content">Tests for Suite</span>
          </div> <!-- main-panel-header rounded-window-top -->
          <div class="main-panel-content rounded-window-bottom">
            <ul>
              <li>
                <span class="test-name">AutomationExercise (27 classes)</span>
              </li>
            </ul>
          </div> <!-- main-panel-content rounded-window-bottom -->
        </div> <!-- panel -->
        <div panel-name="group-Suite" class="panel">
          <div class="main-panel-header rounded-window-top">
            <span class="header-content">Groups for Suite</span>
          </div> <!-- main-panel-header rounded-window-top -->
          <div class="main-panel-content rounded-window-bottom">
          </div> <!-- main-panel-content rounded-window-bottom -->
        </div> <!-- panel -->
        <div panel-name="times-Suite" class="panel">
          <div class="main-panel-header rounded-window-top">
            <span class="header-content">Times for Suite</span>
          </div> <!-- main-panel-header rounded-window-top -->
          <div class="main-panel-content rounded-window-bottom">
            <div class="times-div">
              <script type="text/javascript">
suiteTableInitFunctions.push('tableData_Suite');
function tableData_Suite() {
var data = new google.visualization.DataTable();
data.addColumn('number', 'Number');
data.addColumn('string', 'Method');
data.addColumn('string', 'Class');
data.addColumn('number', 'Time (ms)');
data.addRows(26);
data.setCell(0, 0, 0)
data.setCell(0, 1, 'downloadinvoice')
data.setCell(0, 2, 'com.automationexerciseTestCases.TC_24_DownloadInvoiceAfterPurchaseOrder')
data.setCell(0, 3, 58585);
data.setCell(1, 0, 1)
data.setCell(1, 1, 'placeorder')
data.setCell(1, 2, 'com.automationexerciseTestCases.TC_14_PlaceOrderCheckOutRegister')
data.setCell(1, 3, 46418);
data.setCell(2, 0, 2)
data.setCell(2, 1, 'registerbeforececkout')
data.setCell(2, 2, 'com.automationexerciseTestCases.TC_15_PlaceOrderRegisterBeforeCheckout')
data.setCell(2, 3, 40661);
data.setCell(3, 0, 3)
data.setCell(3, 1, 'verifyaddressdetailsincheckoutpage')
data.setCell(3, 2, 'com.automationexerciseTestCases.TC_23_VerifyAddressDetailsInCheckoutPage')
data.setCell(3, 3, 30632);
data.setCell(4, 0, 4)
data.setCell(4, 1, 'registertest')
data.setCell(4, 2, 'com.automationexerciseTestCases.TC_02_RegisterUser')
data.setCell(4, 3, 20852);
data.setCell(5, 0, 5)
data.setCell(5, 1, 'categoryproduct')
data.setCell(5, 2, 'com.automationexerciseTestCases.TC_18_ViewCategoryProduct')
data.setCell(5, 3, 20684);
data.setCell(6, 0, 6)
data.setCell(6, 1, 'addtocartfromrecommendeditems')
data.setCell(6, 2, 'com.automationexerciseTestCases.TC_22_AddToCartFromRecommendedItems')
data.setCell(6, 3, 17873);
data.setCell(7, 0, 7)
data.setCell(7, 1, 'logintest')
data.setCell(7, 2, 'com.automationexerciseTestCases.TC_01_LoginTest')
data.setCell(7, 3, 14970);
data.setCell(8, 0, 8)
data.setCell(8, 1, 'subscriptionincartpage')
data.setCell(8, 2, 'com.automationexerciseTestCases.TC_11_VerifySubscriptionInCartPage')
data.setCell(8, 3, 14626);
data.setCell(9, 0, 9)
data.setCell(9, 1, 'scrollupanddown')
data.setCell(9, 2, 'com.automationexerciseTestCases.TC_26_ScrollUpWithoutArrowButton')
data.setCell(9, 3, 12747);
data.setCell(10, 0, 10)
data.setCell(10, 1, 'loginbeforecheckout')
data.setCell(10, 2, 'com.automationexerciseTestCases.TC_16_PlaceOrderLoginBeforeCheckOut')
data.setCell(10, 3, 12635);
data.setCell(11, 0, 11)
data.setCell(11, 1, 'scrollupanddownfunctionality')
data.setCell(11, 2, 'com.automationexerciseTestCases.TC_25_ScrollUpUsingArrowButton')
data.setCell(11, 3, 12511);
data.setCell(12, 0, 12)
data.setCell(12, 1, 'subscription')
data.setCell(12, 2, 'com.automationexerciseTestCases.TC_10_Subscription')
data.setCell(12, 3, 11904);
data.setCell(13, 0, 13)
data.setCell(13, 1, 'contactus')
data.setCell(13, 2, 'com.automationexerciseTestCases.TC_06_ContactUsForm')
data.setCell(13, 3, 11661);
data.setCell(14, 0, 14)
data.setCell(14, 1, 'removeproducfromcart')
data.setCell(14, 2, 'com.automationexerciseTestCases.TC_17_RemoveProductFromCart')
data.setCell(14, 3, 10143);
data.setCell(15, 0, 15)
data.setCell(15, 1, 'addproductincart')
data.setCell(15, 2, 'com.automationexerciseTestCases.TC_12_AddProductInCart')
data.setCell(15, 3, 9955);
data.setCell(16, 0, 16)
data.setCell(16, 1, 'searchproductandverifycart')
data.setCell(16, 2, 'com.automationexerciseTestCases.TC_20_SearchProductAndVerifyCartAfterLogin')
data.setCell(16, 3, 9155);
data.setCell(17, 0, 17)
data.setCell(17, 1, 'productquantityincart')
data.setCell(17, 2, 'com.automationexerciseTestCases.TC_13_VerifyProductQuantityInCart')
data.setCell(17, 3, 9004);
data.setCell(18, 0, 18)
data.setCell(18, 1, 'registerexistinguser')
data.setCell(18, 2, 'com.automationexerciseTestCases.TC_05_RegisterExistingUser')
data.setCell(18, 3, 8708);
data.setCell(19, 0, 19)
data.setCell(19, 1, 'cartbrandproduct')
data.setCell(19, 2, 'com.automationexerciseTestCases.TC_19_CartBrandProduct')
data.setCell(19, 3, 8100);
data.setCell(20, 0, 20)
data.setCell(20, 1, 'searchproduct')
data.setCell(20, 2, 'com.automationexerciseTestCases.TC_09_SearchProduct')
data.setCell(20, 3, 7584);
data.setCell(21, 0, 21)
data.setCell(21, 1, 'loginwithincorrectdata')
data.setCell(21, 2, 'com.automationexerciseTestCases.TC_03_IncorrectLogin')
data.setCell(21, 3, 6916);
data.setCell(22, 0, 22)
data.setCell(22, 1, 'logoutuser')
data.setCell(22, 2, 'com.automationexerciseTestCases.TC_04_LogoutUser')
data.setCell(22, 3, 6396);
data.setCell(23, 0, 23)
data.setCell(23, 1, 'addreviewonproduct')
data.setCell(23, 2, 'com.automationexerciseTestCases.TC_21_AddReviewOnProduct')
data.setCell(23, 3, 4597);
data.setCell(24, 0, 24)
data.setCell(24, 1, 'productdetailpage')
data.setCell(24, 2, 'com.automationexerciseTestCases.TC_08_VerifyProductDetailPage')
data.setCell(24, 3, 4142);
data.setCell(25, 0, 25)
data.setCell(25, 1, 'testcasepage')
data.setCell(25, 2, 'com.automationexerciseTestCases.TC_07_VerifyTestcasePage')
data.setCell(25, 3, 4026);
window.suiteTableData['Suite']= { tableData: data, tableDiv: 'times-div-Suite'}
return data;
}
              </script>
              <span class="suite-total-time">Total running time: 6 minutes</span>
              <div id="times-div-Suite">
              </div> <!-- times-div-Suite -->
            </div> <!-- times-div -->
          </div> <!-- main-panel-content rounded-window-bottom -->
        </div> <!-- panel -->
        <div panel-name="reporter-Suite" class="panel">
          <div class="main-panel-header rounded-window-top">
            <span class="header-content">Reporter output for Suite</span>
          </div> <!-- main-panel-header rounded-window-top -->
          <div class="main-panel-content rounded-window-bottom">
          </div> <!-- main-panel-content rounded-window-bottom -->
        </div> <!-- panel -->
        <div panel-name="ignored-methods-Suite" class="panel">
          <div class="main-panel-header rounded-window-top">
            <span class="header-content">0 ignored methods</span>
          </div> <!-- main-panel-header rounded-window-top -->
          <div class="main-panel-content rounded-window-bottom">
          </div> <!-- main-panel-content rounded-window-bottom -->
        </div> <!-- panel -->
        <div panel-name="chronological-Suite" class="panel">
          <div class="main-panel-header rounded-window-top">
            <span class="header-content">Methods in chronological order</span>
          </div> <!-- main-panel-header rounded-window-top -->
          <div class="main-panel-content rounded-window-bottom">
            <div class="chronological-class">
              <div class="chronological-class-name">com.automationexerciseTestCases.TC_01_LoginTest</div> <!-- chronological-class-name -->
              <div class="configuration-class before">
                <span class="method-name">setup(edge)</span>
                <span class="method-start">0 ms</span>
              </div> <!-- configuration-class before -->
              <div class="test-method">
                <span class="method-name">logintest</span>
                <span class="method-start">3282 ms</span>
              </div> <!-- test-method -->
              <div class="configuration-class after">
                <span class="method-name">tearDown</span>
                <span class="method-start">18281 ms</span>
              </div> <!-- configuration-class after -->
            </div> <!-- chronological-class -->
            <div class="chronological-class">
              <div class="chronological-class-name">com.automationexerciseTestCases.TC_02_RegisterUser</div> <!-- chronological-class-name -->
              <div class="configuration-class before">
                <span class="method-name">setup(edge)</span>
                <span class="method-start">18571 ms</span>
              </div> <!-- configuration-class before -->
              <div class="test-method">
                <img src="failed.png">
                </img>
                <span class="method-name">registertest</span>
                <span class="method-start">21013 ms</span>
              </div> <!-- test-method -->
              <div class="configuration-class after">
                <span class="method-name">tearDown</span>
                <span class="method-start">41876 ms</span>
              </div> <!-- configuration-class after -->
            </div> <!-- chronological-class -->
            <div class="chronological-class">
              <div class="chronological-class-name">com.automationexerciseTestCases.TC_03_IncorrectLogin</div> <!-- chronological-class-name -->
              <div class="configuration-class before">
                <span class="method-name">setup(edge)</span>
                <span class="method-start">42102 ms</span>
              </div> <!-- configuration-class before -->
              <div class="test-method">
                <span class="method-name">loginwithincorrectdata</span>
                <span class="method-start">44550 ms</span>
              </div> <!-- test-method -->
              <div class="configuration-class after">
                <span class="method-name">tearDown</span>
                <span class="method-start">51469 ms</span>
              </div> <!-- configuration-class after -->
            </div> <!-- chronological-class -->
            <div class="chronological-class">
              <div class="chronological-class-name">com.automationexerciseTestCases.TC_04_LogoutUser</div> <!-- chronological-class-name -->
              <div class="configuration-class before">
                <span class="method-name">setup(edge)</span>
                <span class="method-start">51686 ms</span>
              </div> <!-- configuration-class before -->
              <div class="test-method">
                <img src="failed.png">
                </img>
                <span class="method-name">logoutuser</span>
                <span class="method-start">54075 ms</span>
              </div> <!-- test-method -->
              <div class="configuration-class after">
                <span class="method-name">tearDown</span>
                <span class="method-start">60473 ms</span>
              </div> <!-- configuration-class after -->
            </div> <!-- chronological-class -->
            <div class="chronological-class">
              <div class="chronological-class-name">com.automationexerciseTestCases.TC_05_RegisterExistingUser</div> <!-- chronological-class-name -->
              <div class="configuration-class before">
                <span class="method-name">setup(edge)</span>
                <span class="method-start">60664 ms</span>
              </div> <!-- configuration-class before -->
              <div class="test-method">
                <span class="method-name">registerexistinguser</span>
                <span class="method-start">63067 ms</span>
              </div> <!-- test-method -->
              <div class="configuration-class after">
                <span class="method-name">tearDown</span>
                <span class="method-start">71777 ms</span>
              </div> <!-- configuration-class after -->
            </div> <!-- chronological-class -->
            <div class="chronological-class">
              <div class="chronological-class-name">com.automationexerciseTestCases.TC_06_ContactUsForm</div> <!-- chronological-class-name -->
              <div class="configuration-class before">
                <span class="method-name">setup(edge)</span>
                <span class="method-start">71948 ms</span>
              </div> <!-- configuration-class before -->
              <div class="test-method">
                <img src="failed.png">
                </img>
                <span class="method-name">contactus</span>
                <span class="method-start">74398 ms</span>
              </div> <!-- test-method -->
              <div class="configuration-class after">
                <span class="method-name">tearDown</span>
                <span class="method-start">86072 ms</span>
              </div> <!-- configuration-class after -->
            </div> <!-- chronological-class -->
            <div class="chronological-class">
              <div class="chronological-class-name">com.automationexerciseTestCases.TC_07_VerifyTestcasePage</div> <!-- chronological-class-name -->
              <div class="configuration-class before">
                <span class="method-name">setup(edge)</span>
                <span class="method-start">86309 ms</span>
              </div> <!-- configuration-class before -->
              <div class="test-method">
                <img src="failed.png">
                </img>
                <span class="method-name">testcasepage</span>
                <span class="method-start">88735 ms</span>
              </div> <!-- test-method -->
              <div class="configuration-class after">
                <span class="method-name">tearDown</span>
                <span class="method-start">92765 ms</span>
              </div> <!-- configuration-class after -->
            </div> <!-- chronological-class -->
            <div class="chronological-class">
              <div class="chronological-class-name">com.automationexerciseTestCases.TC_08_VerifyProductDetailPage</div> <!-- chronological-class-name -->
              <div class="configuration-class before">
                <span class="method-name">setup(edge)</span>
                <span class="method-start">92939 ms</span>
              </div> <!-- configuration-class before -->
              <div class="test-method">
                <img src="failed.png">
                </img>
                <span class="method-name">productdetailpage</span>
                <span class="method-start">95344 ms</span>
              </div> <!-- test-method -->
              <div class="configuration-class after">
                <span class="method-name">tearDown</span>
                <span class="method-start">99488 ms</span>
              </div> <!-- configuration-class after -->
            </div> <!-- chronological-class -->
            <div class="chronological-class">
              <div class="chronological-class-name">com.automationexerciseTestCases.TC_09_SearchProduct</div> <!-- chronological-class-name -->
              <div class="configuration-class before">
                <span class="method-name">setup(edge)</span>
                <span class="method-start">99662 ms</span>
              </div> <!-- configuration-class before -->
              <div class="test-method">
                <img src="failed.png">
                </img>
                <span class="method-name">searchproduct</span>
                <span class="method-start">101995 ms</span>
              </div> <!-- test-method -->
              <div class="configuration-class after">
                <span class="method-name">tearDown</span>
                <span class="method-start">109583 ms</span>
              </div> <!-- configuration-class after -->
            </div> <!-- chronological-class -->
            <div class="chronological-class">
              <div class="chronological-class-name">com.automationexerciseTestCases.TC_10_Subscription</div> <!-- chronological-class-name -->
              <div class="configuration-class before">
                <span class="method-name">setup(edge)</span>
                <span class="method-start">109773 ms</span>
              </div> <!-- configuration-class before -->
              <div class="test-method">
                <span class="method-name">subscription</span>
                <span class="method-start">112155 ms</span>
              </div> <!-- test-method -->
              <div class="configuration-class after">
                <span class="method-name">tearDown</span>
                <span class="method-start">124060 ms</span>
              </div> <!-- configuration-class after -->
            </div> <!-- chronological-class -->
            <div class="chronological-class">
              <div class="chronological-class-name">com.automationexerciseTestCases.TC_11_VerifySubscriptionInCartPage</div> <!-- chronological-class-name -->
              <div class="configuration-class before">
                <span class="method-name">setup(edge)</span>
                <span class="method-start">124316 ms</span>
              </div> <!-- configuration-class before -->
              <div class="test-method">
                <span class="method-name">subscriptionincartpage</span>
                <span class="method-start">126778 ms</span>
              </div> <!-- test-method -->
              <div class="configuration-class after">
                <span class="method-name">tearDown</span>
                <span class="method-start">141406 ms</span>
              </div> <!-- configuration-class after -->
            </div> <!-- chronological-class -->
            <div class="chronological-class">
              <div class="chronological-class-name">com.automationexerciseTestCases.TC_12_AddProductInCart</div> <!-- chronological-class-name -->
              <div class="configuration-class before">
                <span class="method-name">setup(edge)</span>
                <span class="method-start">141642 ms</span>
              </div> <!-- configuration-class before -->
              <div class="test-method">
                <span class="method-name">addproductincart</span>
                <span class="method-start">144053 ms</span>
              </div> <!-- test-method -->
              <div class="configuration-class after">
                <span class="method-name">tearDown</span>
                <span class="method-start">154009 ms</span>
              </div> <!-- configuration-class after -->
            </div> <!-- chronological-class -->
            <div class="chronological-class">
              <div class="chronological-class-name">com.automationexerciseTestCases.TC_13_VerifyProductQuantityInCart</div> <!-- chronological-class-name -->
              <div class="configuration-class before">
                <span class="method-name">setup(edge)</span>
                <span class="method-start">154178 ms</span>
              </div> <!-- configuration-class before -->
              <div class="test-method">
                <img src="failed.png">
                </img>
                <span class="method-name">productquantityincart</span>
                <span class="method-start">156556 ms</span>
              </div> <!-- test-method -->
              <div class="configuration-class after">
                <span class="method-name">tearDown</span>
                <span class="method-start">165568 ms</span>
              </div> <!-- configuration-class after -->
            </div> <!-- chronological-class -->
            <div class="chronological-class">
              <div class="chronological-class-name">com.automationexerciseTestCases.TC_14_PlaceOrderCheckOutRegister</div> <!-- chronological-class-name -->
              <div class="configuration-class before">
                <span class="method-name">setup(edge)</span>
                <span class="method-start">165794 ms</span>
              </div> <!-- configuration-class before -->
              <div class="test-method">
                <span class="method-name">placeorder</span>
                <span class="method-start">168214 ms</span>
              </div> <!-- test-method -->
              <div class="configuration-class after">
                <span class="method-name">tearDown</span>
                <span class="method-start">214634 ms</span>
              </div> <!-- configuration-class after -->
            </div> <!-- chronological-class -->
            <div class="chronological-class">
              <div class="chronological-class-name">com.automationexerciseTestCases.TC_15_PlaceOrderRegisterBeforeCheckout</div> <!-- chronological-class-name -->
              <div class="configuration-class before">
                <span class="method-name">setup(edge)</span>
                <span class="method-start">214917 ms</span>
              </div> <!-- configuration-class before -->
              <div class="test-method">
                <span class="method-name">registerbeforececkout</span>
                <span class="method-start">217358 ms</span>
              </div> <!-- test-method -->
              <div class="configuration-class after">
                <span class="method-name">tearDown</span>
                <span class="method-start">258021 ms</span>
              </div> <!-- configuration-class after -->
            </div> <!-- chronological-class -->
            <div class="chronological-class">
              <div class="chronological-class-name">com.automationexerciseTestCases.TC_16_PlaceOrderLoginBeforeCheckOut</div> <!-- chronological-class-name -->
              <div class="configuration-class before">
                <span class="method-name">setup(edge)</span>
                <span class="method-start">258322 ms</span>
              </div> <!-- configuration-class before -->
              <div class="test-method">
                <img src="failed.png">
                </img>
                <span class="method-name">loginbeforecheckout</span>
                <span class="method-start">260812 ms</span>
              </div> <!-- test-method -->
              <div class="configuration-class after">
                <span class="method-name">tearDown</span>
                <span class="method-start">273452 ms</span>
              </div> <!-- configuration-class after -->
            </div> <!-- chronological-class -->
            <div class="chronological-class">
              <div class="chronological-class-name">com.automationexerciseTestCases.TC_17_RemoveProductFromCart</div> <!-- chronological-class-name -->
              <div class="configuration-class before">
                <span class="method-name">setup(edge)</span>
                <span class="method-start">273681 ms</span>
              </div> <!-- configuration-class before -->
              <div class="test-method">
                <span class="method-name">removeproducfromcart</span>
                <span class="method-start">276064 ms</span>
              </div> <!-- test-method -->
              <div class="configuration-class after">
                <span class="method-name">tearDown</span>
                <span class="method-start">286208 ms</span>
              </div> <!-- configuration-class after -->
            </div> <!-- chronological-class -->
            <div class="chronological-class">
              <div class="chronological-class-name">com.automationexerciseTestCases.TC_18_ViewCategoryProduct</div> <!-- chronological-class-name -->
              <div class="configuration-class before">
                <span class="method-name">setup(edge)</span>
                <span class="method-start">286404 ms</span>
              </div> <!-- configuration-class before -->
              <div class="test-method">
                <span class="method-name">categoryproduct</span>
                <span class="method-start">288732 ms</span>
              </div> <!-- test-method -->
              <div class="configuration-class after">
                <span class="method-name">tearDown</span>
                <span class="method-start">309418 ms</span>
              </div> <!-- configuration-class after -->
            </div> <!-- chronological-class -->
            <div class="chronological-class">
              <div class="chronological-class-name">com.automationexerciseTestCases.TC_19_CartBrandProduct</div> <!-- chronological-class-name -->
              <div class="configuration-class before">
                <span class="method-name">setup(edge)</span>
                <span class="method-start">309669 ms</span>
              </div> <!-- configuration-class before -->
              <div class="test-method">
                <span class="method-name">cartbrandproduct</span>
                <span class="method-start">312116 ms</span>
              </div> <!-- test-method -->
              <div class="configuration-class after">
                <span class="method-name">tearDown</span>
                <span class="method-start">320218 ms</span>
              </div> <!-- configuration-class after -->
            </div> <!-- chronological-class -->
            <div class="chronological-class">
              <div class="chronological-class-name">com.automationexerciseTestCases.TC_20_SearchProductAndVerifyCartAfterLogin</div> <!-- chronological-class-name -->
              <div class="configuration-class before">
                <span class="method-name">setup(edge)</span>
                <span class="method-start">320469 ms</span>
              </div> <!-- configuration-class before -->
              <div class="test-method">
                <img src="failed.png">
                </img>
                <span class="method-name">searchproductandverifycart</span>
                <span class="method-start">322865 ms</span>
              </div> <!-- test-method -->
              <div class="configuration-class after">
                <span class="method-name">tearDown</span>
                <span class="method-start">332024 ms</span>
              </div> <!-- configuration-class after -->
            </div> <!-- chronological-class -->
            <div class="chronological-class">
              <div class="chronological-class-name">com.automationexerciseTestCases.TC_21_AddReviewOnProduct</div> <!-- chronological-class-name -->
              <div class="configuration-class before">
                <span class="method-name">setup(edge)</span>
                <span class="method-start">332332 ms</span>
              </div> <!-- configuration-class before -->
              <div class="test-method">
                <img src="failed.png">
                </img>
                <span class="method-name">addreviewonproduct</span>
                <span class="method-start">334782 ms</span>
              </div> <!-- test-method -->
              <div class="configuration-class after">
                <span class="method-name">tearDown</span>
                <span class="method-start">339381 ms</span>
              </div> <!-- configuration-class after -->
            </div> <!-- chronological-class -->
            <div class="chronological-class">
              <div class="chronological-class-name">com.automationexerciseTestCases.TC_22_AddToCartFromRecommendedItems</div> <!-- chronological-class-name -->
              <div class="configuration-class before">
                <span class="method-name">setup(edge)</span>
                <span class="method-start">339543 ms</span>
              </div> <!-- configuration-class before -->
              <div class="test-method">
                <img src="failed.png">
                </img>
                <span class="method-name">addtocartfromrecommendeditems</span>
                <span class="method-start">341956 ms</span>
              </div> <!-- test-method -->
              <div class="configuration-class after">
                <span class="method-name">tearDown</span>
                <span class="method-start">359832 ms</span>
              </div> <!-- configuration-class after -->
            </div> <!-- chronological-class -->
            <div class="chronological-class">
              <div class="chronological-class-name">com.automationexerciseTestCases.TC_23_VerifyAddressDetailsInCheckoutPage</div> <!-- chronological-class-name -->
              <div class="configuration-class before">
                <span class="method-name">setup(edge)</span>
                <span class="method-start">360071 ms</span>
              </div> <!-- configuration-class before -->
              <div class="test-method">
                <span class="method-name">verifyaddressdetailsincheckoutpage</span>
                <span class="method-start">362462 ms</span>
              </div> <!-- test-method -->
              <div class="configuration-class after">
                <span class="method-name">tearDown</span>
                <span class="method-start">393095 ms</span>
              </div> <!-- configuration-class after -->
            </div> <!-- chronological-class -->
            <div class="chronological-class">
              <div class="chronological-class-name">com.automationexerciseTestCases.TC_24_DownloadInvoiceAfterPurchaseOrder</div> <!-- chronological-class-name -->
              <div class="configuration-class before">
                <span class="method-name">setup(edge)</span>
                <span class="method-start">393359 ms</span>
              </div> <!-- configuration-class before -->
              <div class="test-method">
                <span class="method-name">downloadinvoice</span>
                <span class="method-start">395789 ms</span>
              </div> <!-- test-method -->
              <div class="configuration-class after">
                <span class="method-name">tearDown</span>
                <span class="method-start">454376 ms</span>
              </div> <!-- configuration-class after -->
            </div> <!-- chronological-class -->
            <div class="chronological-class">
              <div class="chronological-class-name">com.automationexerciseTestCases.TC_25_ScrollUpUsingArrowButton</div> <!-- chronological-class-name -->
              <div class="configuration-class before">
                <span class="method-name">setup(edge)</span>
                <span class="method-start">454647 ms</span>
              </div> <!-- configuration-class before -->
              <div class="test-method">
                <span class="method-name">scrollupanddownfunctionality</span>
                <span class="method-start">456991 ms</span>
              </div> <!-- test-method -->
              <div class="configuration-class after">
                <span class="method-name">tearDown</span>
                <span class="method-start">469508 ms</span>
              </div> <!-- configuration-class after -->
            </div> <!-- chronological-class -->
            <div class="chronological-class">
              <div class="chronological-class-name">com.automationexerciseTestCases.TC_26_ScrollUpWithoutArrowButton</div> <!-- chronological-class-name -->
              <div class="configuration-class before">
                <span class="method-name">setup(edge)</span>
                <span class="method-start">469728 ms</span>
              </div> <!-- configuration-class before -->
              <div class="test-method">
                <span class="method-name">scrollupanddown</span>
                <span class="method-start">472142 ms</span>
              </div> <!-- test-method -->
              <div class="configuration-class after">
                <span class="method-name">tearDown</span>
                <span class="method-start">484892 ms</span>
              </div> <!-- configuration-class after -->
          </div> <!-- main-panel-content rounded-window-bottom -->
        </div> <!-- panel -->
      </div> <!-- main-panel-root -->
    </div> <!-- wrapper -->
  </body>
<script type="text/javascript" src="testng-reports2.js"></script>
</html>
